[MASTER] 23:15:18.871 [pool-2-thread-1] ERROR ConcreteClassAnalyzer - Problem for com.polimi.fakePTS.tickets.UrbanTicket. Class not found: com.vaadin.server.VaadinPortlet$VaadinGateInRequest
java.lang.ClassNotFoundException: com/vaadin/server/VaadinPortlet$VaadinHttpAndPortletRequest
	at org.evosuite.instrumentation.InstrumentingClassLoader.instrumentClass(InstrumentingClassLoader.java:201)
	at org.evosuite.instrumentation.InstrumentingClassLoader.loadClass(InstrumentingClassLoader.java:168)
	at java.lang.Class.forName0(Native Method)
	at java.lang.Class.forName(Class.java:348)
	at org.evosuite.setup.ConcreteClassAnalyzer.getConcreteClassesImpl(ConcreteClassAnalyzer.java:126)
	at org.evosuite.setup.ConcreteClassAnalyzer.getConcreteClasses(ConcreteClassAnalyzer.java:61)
	at org.evosuite.setup.TestClusterGenerator.addDependency(TestClusterGenerator.java:876)
	at org.evosuite.setup.TestClusterGenerator.addDependencies(TestClusterGenerator.java:787)
	at org.evosuite.setup.TestClusterGenerator.addDependencyClass(TestClusterGenerator.java:983)
	at org.evosuite.setup.TestClusterGenerator.resolveDependencies(TestClusterGenerator.java:358)
	at org.evosuite.setup.TestClusterGenerator.addNewDependencies(TestClusterGenerator.java:164)
	at org.evosuite.testcase.TestFactory.createObject(TestFactory.java:1255)
	at org.evosuite.testcase.TestFactory.attemptGeneration(TestFactory.java:814)
	at org.evosuite.testcase.TestFactory.createVariable(TestFactory.java:1401)
	at org.evosuite.testcase.TestFactory.createOrReuseVariable(TestFactory.java:1346)
	at org.evosuite.testcase.TestFactory.satisfyParameters(TestFactory.java:2320)
	at org.evosuite.testcase.TestFactory.addMethod(TestFactory.java:531)
	at org.evosuite.testcase.TestFactory.createObject(TestFactory.java:1276)
	at org.evosuite.testcase.TestFactory.attemptGeneration(TestFactory.java:814)
	at org.evosuite.testcase.TestFactory.createVariable(TestFactory.java:1401)
	at org.evosuite.testcase.TestFactory.createOrReuseVariable(TestFactory.java:1346)
	at org.evosuite.testcase.TestFactory.satisfyParameters(TestFactory.java:2320)
	at org.evosuite.testcase.TestFactory.addMethodFor(TestFactory.java:579)
	at org.evosuite.testcase.TestFactory.addCallFor(TestFactory.java:132)
	at org.evosuite.testcase.TestFactory.insertRandomCallOnObjectAt(TestFactory.java:2264)
	at org.evosuite.testcase.mutation.RandomInsertion.insertStatement(RandomInsertion.java:128)
	at org.evosuite.testcase.TestFactory.insertRandomStatement(TestFactory.java:2276)
	at org.evosuite.testcase.factories.RandomLengthTestFactory.getRandomTestCase(RandomLengthTestFactory.java:69)
	at org.evosuite.testcase.factories.RandomLengthTestFactory.getChromosome(RandomLengthTestFactory.java:89)
	at org.evosuite.testcase.factories.RandomLengthTestFactory.getChromosome(RandomLengthTestFactory.java:40)
	at org.evosuite.coverage.archive.ArchiveTestChromosomeFactory.getChromosome(ArchiveTestChromosomeFactory.java:88)
	at org.evosuite.coverage.archive.ArchiveTestChromosomeFactory.getChromosome(ArchiveTestChromosomeFactory.java:35)
	at org.evosuite.testsuite.factories.TestSuiteChromosomeFactory.getChromosome(TestSuiteChromosomeFactory.java:84)
	at org.evosuite.testsuite.factories.TestSuiteChromosomeFactory.getChromosome(TestSuiteChromosomeFactory.java:35)
	at org.evosuite.ga.metaheuristics.GeneticAlgorithm.generateRandomPopulation(GeneticAlgorithm.java:425)
	at org.evosuite.ga.metaheuristics.GeneticAlgorithm.generateInitialPopulation(GeneticAlgorithm.java:368)
	at org.evosuite.ga.metaheuristics.MonotonicGA.initializePopulation(MonotonicGA.java:204)
	at org.evosuite.ga.metaheuristics.MonotonicGA.generateSolution(MonotonicGA.java:223)
	at org.evosuite.strategy.WholeTestSuiteStrategy.generateTests(WholeTestSuiteStrategy.java:113)
	at org.evosuite.TestSuiteGenerator.generateTests(TestSuiteGenerator.java:653)
	at org.evosuite.TestSuiteGenerator.generateTestSuite(TestSuiteGenerator.java:236)
	at org.evosuite.rmi.service.ClientNodeImpl$1.run(ClientNodeImpl.java:145)
	at java.util.concurrent.Executors$RunnableAdapter.call(Executors.java:511)
	at java.util.concurrent.FutureTask.run(FutureTask.java:266)
	at java.util.concurrent.ThreadPoolExecutor.runWorker(ThreadPoolExecutor.java:1142)
	at java.util.concurrent.ThreadPoolExecutor$Worker.run(ThreadPoolExecutor.java:617)
	at java.lang.Thread.run(Thread.java:748)
Caused by: java.lang.NoClassDefFoundError: com/vaadin/server/VaadinPortlet$VaadinHttpAndPortletRequest
	at java.lang.ClassLoader.defineClass1(Native Method)
	at java.lang.ClassLoader.defineClass(ClassLoader.java:763)
	at java.lang.ClassLoader.defineClass(ClassLoader.java:642)
	at org.evosuite.instrumentation.InstrumentingClassLoader.instrumentClass(InstrumentingClassLoader.java:194)
	... 46 common frames omitted
Caused by: java.lang.ClassNotFoundException: com/vaadin/server/VaadinPortletRequest
	at org.evosuite.instrumentation.InstrumentingClassLoader.instrumentClass(InstrumentingClassLoader.java:201)
	at org.evosuite.instrumentation.InstrumentingClassLoader.loadClass(InstrumentingClassLoader.java:168)
	... 50 common frames omitted
Caused by: java.lang.NoClassDefFoundError: com/vaadin/server/VaadinPortletRequest
	at java.lang.ClassLoader.defineClass1(Native Method)
	at java.lang.ClassLoader.defineClass(ClassLoader.java:763)
	at java.lang.ClassLoader.defineClass(ClassLoader.java:642)
	at org.evosuite.instrumentation.InstrumentingClassLoader.instrumentClass(InstrumentingClassLoader.java:194)
	... 51 common frames omitted
Caused by: java.lang.ClassNotFoundException: javax/portlet/filter/PortletRequestWrapper
	at org.evosuite.instrumentation.InstrumentingClassLoader.instrumentClass(InstrumentingClassLoader.java:201)
	at org.evosuite.instrumentation.InstrumentingClassLoader.loadClass(InstrumentingClassLoader.java:168)
	... 55 common frames omitted
Caused by: java.lang.NoClassDefFoundError: javax/portlet/filter/PortletRequestWrapper
	at java.lang.ClassLoader.defineClass1(Native Method)
	at java.lang.ClassLoader.defineClass(ClassLoader.java:763)
	at java.lang.ClassLoader.defineClass(ClassLoader.java:642)
	at org.evosuite.instrumentation.InstrumentingClassLoader.instrumentClass(InstrumentingClassLoader.java:194)
	... 56 common frames omitted
Caused by: java.lang.ClassNotFoundException: javax.portlet.filter.PortletRequestWrapper
	at java.net.URLClassLoader.findClass(URLClassLoader.java:381)
	at java.lang.ClassLoader.loadClass(ClassLoader.java:424)
	at sun.misc.Launcher$AppClassLoader.loadClass(Launcher.java:335)
	at java.lang.ClassLoader.loadClass(ClassLoader.java:357)
	at org.evosuite.instrumentation.InstrumentingClassLoader.loadClass(InstrumentingClassLoader.java:159)
	... 60 common frames omitted
[MASTER] 23:15:18.872 [pool-2-thread-1] ERROR ConcreteClassAnalyzer - Removing class from inheritance tree
[MASTER] 23:15:18.892 [pool-2-thread-1] ERROR ConcreteClassAnalyzer - Problem for com.polimi.fakePTS.tickets.UrbanTicket. Class not found: com.vaadin.server.VaadinPortlet$VaadinHttpAndPortletRequest
java.lang.ClassNotFoundException: com/vaadin/server/VaadinPortletRequest
	at org.evosuite.instrumentation.InstrumentingClassLoader.instrumentClass(InstrumentingClassLoader.java:201)
	at org.evosuite.instrumentation.InstrumentingClassLoader.loadClass(InstrumentingClassLoader.java:168)
	at java.lang.Class.forName0(Native Method)
	at java.lang.Class.forName(Class.java:348)
	at org.evosuite.setup.ConcreteClassAnalyzer.getConcreteClassesImpl(ConcreteClassAnalyzer.java:126)
	at org.evosuite.setup.ConcreteClassAnalyzer.getConcreteClasses(ConcreteClassAnalyzer.java:61)
	at org.evosuite.setup.TestClusterGenerator.addDependency(TestClusterGenerator.java:876)
	at org.evosuite.setup.TestClusterGenerator.addDependencies(TestClusterGenerator.java:787)
	at org.evosuite.setup.TestClusterGenerator.addDependencyClass(TestClusterGenerator.java:983)
	at org.evosuite.setup.TestClusterGenerator.resolveDependencies(TestClusterGenerator.java:358)
	at org.evosuite.setup.TestClusterGenerator.addNewDependencies(TestClusterGenerator.java:164)
	at org.evosuite.testcase.TestFactory.createObject(TestFactory.java:1255)
	at org.evosuite.testcase.TestFactory.attemptGeneration(TestFactory.java:814)
	at org.evosuite.testcase.TestFactory.createVariable(TestFactory.java:1401)
	at org.evosuite.testcase.TestFactory.createOrReuseVariable(TestFactory.java:1346)
	at org.evosuite.testcase.TestFactory.satisfyParameters(TestFactory.java:2320)
	at org.evosuite.testcase.TestFactory.addMethod(TestFactory.java:531)
	at org.evosuite.testcase.TestFactory.createObject(TestFactory.java:1276)
	at org.evosuite.testcase.TestFactory.attemptGeneration(TestFactory.java:814)
	at org.evosuite.testcase.TestFactory.createVariable(TestFactory.java:1401)
	at org.evosuite.testcase.TestFactory.createOrReuseVariable(TestFactory.java:1346)
	at org.evosuite.testcase.TestFactory.satisfyParameters(TestFactory.java:2320)
	at org.evosuite.testcase.TestFactory.addMethodFor(TestFactory.java:579)
	at org.evosuite.testcase.TestFactory.addCallFor(TestFactory.java:132)
	at org.evosuite.testcase.TestFactory.insertRandomCallOnObjectAt(TestFactory.java:2264)
	at org.evosuite.testcase.mutation.RandomInsertion.insertStatement(RandomInsertion.java:128)
	at org.evosuite.testcase.TestFactory.insertRandomStatement(TestFactory.java:2276)
	at org.evosuite.testcase.factories.RandomLengthTestFactory.getRandomTestCase(RandomLengthTestFactory.java:69)
	at org.evosuite.testcase.factories.RandomLengthTestFactory.getChromosome(RandomLengthTestFactory.java:89)
	at org.evosuite.testcase.factories.RandomLengthTestFactory.getChromosome(RandomLengthTestFactory.java:40)
	at org.evosuite.coverage.archive.ArchiveTestChromosomeFactory.getChromosome(ArchiveTestChromosomeFactory.java:88)
	at org.evosuite.coverage.archive.ArchiveTestChromosomeFactory.getChromosome(ArchiveTestChromosomeFactory.java:35)
	at org.evosuite.testsuite.factories.TestSuiteChromosomeFactory.getChromosome(TestSuiteChromosomeFactory.java:84)
	at org.evosuite.testsuite.factories.TestSuiteChromosomeFactory.getChromosome(TestSuiteChromosomeFactory.java:35)
	at org.evosuite.ga.metaheuristics.GeneticAlgorithm.generateRandomPopulation(GeneticAlgorithm.java:425)
	at org.evosuite.ga.metaheuristics.GeneticAlgorithm.generateInitialPopulation(GeneticAlgorithm.java:368)
	at org.evosuite.ga.metaheuristics.MonotonicGA.initializePopulation(MonotonicGA.java:204)
	at org.evosuite.ga.metaheuristics.MonotonicGA.generateSolution(MonotonicGA.java:223)
	at org.evosuite.strategy.WholeTestSuiteStrategy.generateTests(WholeTestSuiteStrategy.java:113)
	at org.evosuite.TestSuiteGenerator.generateTests(TestSuiteGenerator.java:653)
	at org.evosuite.TestSuiteGenerator.generateTestSuite(TestSuiteGenerator.java:236)
	at org.evosuite.rmi.service.ClientNodeImpl$1.run(ClientNodeImpl.java:145)
	at java.util.concurrent.Executors$RunnableAdapter.call(Executors.java:511)
	at java.util.concurrent.FutureTask.run(FutureTask.java:266)
	at java.util.concurrent.ThreadPoolExecutor.runWorker(ThreadPoolExecutor.java:1142)
	at java.util.concurrent.ThreadPoolExecutor$Worker.run(ThreadPoolExecutor.java:617)
	at java.lang.Thread.run(Thread.java:748)
Caused by: java.lang.NoClassDefFoundError: com/vaadin/server/VaadinPortletRequest
	at java.lang.ClassLoader.defineClass1(Native Method)
	at java.lang.ClassLoader.defineClass(ClassLoader.java:763)
	at java.lang.ClassLoader.defineClass(ClassLoader.java:642)
	at org.evosuite.instrumentation.InstrumentingClassLoader.instrumentClass(InstrumentingClassLoader.java:194)
	... 46 common frames omitted
Caused by: java.lang.ClassNotFoundException: javax/portlet/filter/PortletRequestWrapper
	at org.evosuite.instrumentation.InstrumentingClassLoader.instrumentClass(InstrumentingClassLoader.java:201)
	at org.evosuite.instrumentation.InstrumentingClassLoader.loadClass(InstrumentingClassLoader.java:168)
	... 50 common frames omitted
Caused by: java.lang.NoClassDefFoundError: javax/portlet/filter/PortletRequestWrapper
	at java.lang.ClassLoader.defineClass1(Native Method)
	at java.lang.ClassLoader.defineClass(ClassLoader.java:763)
	at java.lang.ClassLoader.defineClass(ClassLoader.java:642)
	at org.evosuite.instrumentation.InstrumentingClassLoader.instrumentClass(InstrumentingClassLoader.java:194)
	... 51 common frames omitted
Caused by: java.lang.ClassNotFoundException: javax.portlet.filter.PortletRequestWrapper
	at java.net.URLClassLoader.findClass(URLClassLoader.java:381)
	at java.lang.ClassLoader.loadClass(ClassLoader.java:424)
	at sun.misc.Launcher$AppClassLoader.loadClass(Launcher.java:335)
	at java.lang.ClassLoader.loadClass(ClassLoader.java:357)
	at org.evosuite.instrumentation.InstrumentingClassLoader.loadClass(InstrumentingClassLoader.java:159)
	... 55 common frames omitted
[MASTER] 23:15:18.892 [pool-2-thread-1] ERROR ConcreteClassAnalyzer - Removing class from inheritance tree
[MASTER] 23:15:18.907 [pool-2-thread-1] ERROR ConcreteClassAnalyzer - Problem for com.polimi.fakePTS.tickets.UrbanTicket. Class not found: com.vaadin.server.VaadinPortlet$VaadinLiferayRequest
java.lang.ClassNotFoundException: com/vaadin/server/VaadinPortlet$VaadinHttpAndPortletRequest
	at org.evosuite.instrumentation.InstrumentingClassLoader.instrumentClass(InstrumentingClassLoader.java:201)
	at org.evosuite.instrumentation.InstrumentingClassLoader.loadClass(InstrumentingClassLoader.java:168)
	at java.lang.Class.forName0(Native Method)
	at java.lang.Class.forName(Class.java:348)
	at org.evosuite.setup.ConcreteClassAnalyzer.getConcreteClassesImpl(ConcreteClassAnalyzer.java:126)
	at org.evosuite.setup.ConcreteClassAnalyzer.getConcreteClasses(ConcreteClassAnalyzer.java:61)
	at org.evosuite.setup.TestClusterGenerator.addDependency(TestClusterGenerator.java:876)
	at org.evosuite.setup.TestClusterGenerator.addDependencies(TestClusterGenerator.java:787)
	at org.evosuite.setup.TestClusterGenerator.addDependencyClass(TestClusterGenerator.java:983)
	at org.evosuite.setup.TestClusterGenerator.resolveDependencies(TestClusterGenerator.java:358)
	at org.evosuite.setup.TestClusterGenerator.addNewDependencies(TestClusterGenerator.java:164)
	at org.evosuite.testcase.TestFactory.createObject(TestFactory.java:1255)
	at org.evosuite.testcase.TestFactory.attemptGeneration(TestFactory.java:814)
	at org.evosuite.testcase.TestFactory.createVariable(TestFactory.java:1401)
	at org.evosuite.testcase.TestFactory.createOrReuseVariable(TestFactory.java:1346)
	at org.evosuite.testcase.TestFactory.satisfyParameters(TestFactory.java:2320)
	at org.evosuite.testcase.TestFactory.addMethod(TestFactory.java:531)
	at org.evosuite.testcase.TestFactory.createObject(TestFactory.java:1276)
	at org.evosuite.testcase.TestFactory.attemptGeneration(TestFactory.java:814)
	at org.evosuite.testcase.TestFactory.createVariable(TestFactory.java:1401)
	at org.evosuite.testcase.TestFactory.createOrReuseVariable(TestFactory.java:1346)
	at org.evosuite.testcase.TestFactory.satisfyParameters(TestFactory.java:2320)
	at org.evosuite.testcase.TestFactory.addMethodFor(TestFactory.java:579)
	at org.evosuite.testcase.TestFactory.addCallFor(TestFactory.java:132)
	at org.evosuite.testcase.TestFactory.insertRandomCallOnObjectAt(TestFactory.java:2264)
	at org.evosuite.testcase.mutation.RandomInsertion.insertStatement(RandomInsertion.java:128)
	at org.evosuite.testcase.TestFactory.insertRandomStatement(TestFactory.java:2276)
	at org.evosuite.testcase.factories.RandomLengthTestFactory.getRandomTestCase(RandomLengthTestFactory.java:69)
	at org.evosuite.testcase.factories.RandomLengthTestFactory.getChromosome(RandomLengthTestFactory.java:89)
	at org.evosuite.testcase.factories.RandomLengthTestFactory.getChromosome(RandomLengthTestFactory.java:40)
	at org.evosuite.coverage.archive.ArchiveTestChromosomeFactory.getChromosome(ArchiveTestChromosomeFactory.java:88)
	at org.evosuite.coverage.archive.ArchiveTestChromosomeFactory.getChromosome(ArchiveTestChromosomeFactory.java:35)
	at org.evosuite.testsuite.factories.TestSuiteChromosomeFactory.getChromosome(TestSuiteChromosomeFactory.java:84)
	at org.evosuite.testsuite.factories.TestSuiteChromosomeFactory.getChromosome(TestSuiteChromosomeFactory.java:35)
	at org.evosuite.ga.metaheuristics.GeneticAlgorithm.generateRandomPopulation(GeneticAlgorithm.java:425)
	at org.evosuite.ga.metaheuristics.GeneticAlgorithm.generateInitialPopulation(GeneticAlgorithm.java:368)
	at org.evosuite.ga.metaheuristics.MonotonicGA.initializePopulation(MonotonicGA.java:204)
	at org.evosuite.ga.metaheuristics.MonotonicGA.generateSolution(MonotonicGA.java:223)
	at org.evosuite.strategy.WholeTestSuiteStrategy.generateTests(WholeTestSuiteStrategy.java:113)
	at org.evosuite.TestSuiteGenerator.generateTests(TestSuiteGenerator.java:653)
	at org.evosuite.TestSuiteGenerator.generateTestSuite(TestSuiteGenerator.java:236)
	at org.evosuite.rmi.service.ClientNodeImpl$1.run(ClientNodeImpl.java:145)
	at java.util.concurrent.Executors$RunnableAdapter.call(Executors.java:511)
	at java.util.concurrent.FutureTask.run(FutureTask.java:266)
	at java.util.concurrent.ThreadPoolExecutor.runWorker(ThreadPoolExecutor.java:1142)
	at java.util.concurrent.ThreadPoolExecutor$Worker.run(ThreadPoolExecutor.java:617)
	at java.lang.Thread.run(Thread.java:748)
Caused by: java.lang.NoClassDefFoundError: com/vaadin/server/VaadinPortlet$VaadinHttpAndPortletRequest
	at java.lang.ClassLoader.defineClass1(Native Method)
	at java.lang.ClassLoader.defineClass(ClassLoader.java:763)
	at java.lang.ClassLoader.defineClass(ClassLoader.java:642)
	at org.evosuite.instrumentation.InstrumentingClassLoader.instrumentClass(InstrumentingClassLoader.java:194)
	... 46 common frames omitted
Caused by: java.lang.ClassNotFoundException: com/vaadin/server/VaadinPortletRequest
	at org.evosuite.instrumentation.InstrumentingClassLoader.instrumentClass(InstrumentingClassLoader.java:201)
	at org.evosuite.instrumentation.InstrumentingClassLoader.loadClass(InstrumentingClassLoader.java:168)
	... 50 common frames omitted
Caused by: java.lang.NoClassDefFoundError: com/vaadin/server/VaadinPortletRequest
	at java.lang.ClassLoader.defineClass1(Native Method)
	at java.lang.ClassLoader.defineClass(ClassLoader.java:763)
	at java.lang.ClassLoader.defineClass(ClassLoader.java:642)
	at org.evosuite.instrumentation.InstrumentingClassLoader.instrumentClass(InstrumentingClassLoader.java:194)
	... 51 common frames omitted
Caused by: java.lang.ClassNotFoundException: javax/portlet/filter/PortletRequestWrapper
	at org.evosuite.instrumentation.InstrumentingClassLoader.instrumentClass(InstrumentingClassLoader.java:201)
	at org.evosuite.instrumentation.InstrumentingClassLoader.loadClass(InstrumentingClassLoader.java:168)
	... 55 common frames omitted
Caused by: java.lang.NoClassDefFoundError: javax/portlet/filter/PortletRequestWrapper
	at java.lang.ClassLoader.defineClass1(Native Method)
	at java.lang.ClassLoader.defineClass(ClassLoader.java:763)
	at java.lang.ClassLoader.defineClass(ClassLoader.java:642)
	at org.evosuite.instrumentation.InstrumentingClassLoader.instrumentClass(InstrumentingClassLoader.java:194)
	... 56 common frames omitted
Caused by: java.lang.ClassNotFoundException: javax.portlet.filter.PortletRequestWrapper
	at java.net.URLClassLoader.findClass(URLClassLoader.java:381)
	at java.lang.ClassLoader.loadClass(ClassLoader.java:424)
	at sun.misc.Launcher$AppClassLoader.loadClass(Launcher.java:335)
	at java.lang.ClassLoader.loadClass(ClassLoader.java:357)
	at org.evosuite.instrumentation.InstrumentingClassLoader.loadClass(InstrumentingClassLoader.java:159)
	... 60 common frames omitted
[MASTER] 23:15:18.908 [pool-2-thread-1] ERROR ConcreteClassAnalyzer - Removing class from inheritance tree
[MASTER] 23:15:18.922 [pool-2-thread-1] ERROR ConcreteClassAnalyzer - Problem for com.polimi.fakePTS.tickets.UrbanTicket. Class not found: com.vaadin.server.VaadinPortlet$VaadinWebLogicPortalRequest
java.lang.ClassNotFoundException: com/vaadin/server/VaadinPortlet$VaadinHttpAndPortletRequest
	at org.evosuite.instrumentation.InstrumentingClassLoader.instrumentClass(InstrumentingClassLoader.java:201)
	at org.evosuite.instrumentation.InstrumentingClassLoader.loadClass(InstrumentingClassLoader.java:168)
	at java.lang.Class.forName0(Native Method)
	at java.lang.Class.forName(Class.java:348)
	at org.evosuite.setup.ConcreteClassAnalyzer.getConcreteClassesImpl(ConcreteClassAnalyzer.java:126)
	at org.evosuite.setup.ConcreteClassAnalyzer.getConcreteClasses(ConcreteClassAnalyzer.java:61)
	at org.evosuite.setup.TestClusterGenerator.addDependency(TestClusterGenerator.java:876)
	at org.evosuite.setup.TestClusterGenerator.addDependencies(TestClusterGenerator.java:787)
	at org.evosuite.setup.TestClusterGenerator.addDependencyClass(TestClusterGenerator.java:983)
	at org.evosuite.setup.TestClusterGenerator.resolveDependencies(TestClusterGenerator.java:358)
	at org.evosuite.setup.TestClusterGenerator.addNewDependencies(TestClusterGenerator.java:164)
	at org.evosuite.testcase.TestFactory.createObject(TestFactory.java:1255)
	at org.evosuite.testcase.TestFactory.attemptGeneration(TestFactory.java:814)
	at org.evosuite.testcase.TestFactory.createVariable(TestFactory.java:1401)
	at org.evosuite.testcase.TestFactory.createOrReuseVariable(TestFactory.java:1346)
	at org.evosuite.testcase.TestFactory.satisfyParameters(TestFactory.java:2320)
	at org.evosuite.testcase.TestFactory.addMethod(TestFactory.java:531)
	at org.evosuite.testcase.TestFactory.createObject(TestFactory.java:1276)
	at org.evosuite.testcase.TestFactory.attemptGeneration(TestFactory.java:814)
	at org.evosuite.testcase.TestFactory.createVariable(TestFactory.java:1401)
	at org.evosuite.testcase.TestFactory.createOrReuseVariable(TestFactory.java:1346)
	at org.evosuite.testcase.TestFactory.satisfyParameters(TestFactory.java:2320)
	at org.evosuite.testcase.TestFactory.addMethodFor(TestFactory.java:579)
	at org.evosuite.testcase.TestFactory.addCallFor(TestFactory.java:132)
	at org.evosuite.testcase.TestFactory.insertRandomCallOnObjectAt(TestFactory.java:2264)
	at org.evosuite.testcase.mutation.RandomInsertion.insertStatement(RandomInsertion.java:128)
	at org.evosuite.testcase.TestFactory.insertRandomStatement(TestFactory.java:2276)
	at org.evosuite.testcase.factories.RandomLengthTestFactory.getRandomTestCase(RandomLengthTestFactory.java:69)
	at org.evosuite.testcase.factories.RandomLengthTestFactory.getChromosome(RandomLengthTestFactory.java:89)
	at org.evosuite.testcase.factories.RandomLengthTestFactory.getChromosome(RandomLengthTestFactory.java:40)
	at org.evosuite.coverage.archive.ArchiveTestChromosomeFactory.getChromosome(ArchiveTestChromosomeFactory.java:88)
	at org.evosuite.coverage.archive.ArchiveTestChromosomeFactory.getChromosome(ArchiveTestChromosomeFactory.java:35)
	at org.evosuite.testsuite.factories.TestSuiteChromosomeFactory.getChromosome(TestSuiteChromosomeFactory.java:84)
	at org.evosuite.testsuite.factories.TestSuiteChromosomeFactory.getChromosome(TestSuiteChromosomeFactory.java:35)
	at org.evosuite.ga.metaheuristics.GeneticAlgorithm.generateRandomPopulation(GeneticAlgorithm.java:425)
	at org.evosuite.ga.metaheuristics.GeneticAlgorithm.generateInitialPopulation(GeneticAlgorithm.java:368)
	at org.evosuite.ga.metaheuristics.MonotonicGA.initializePopulation(MonotonicGA.java:204)
	at org.evosuite.ga.metaheuristics.MonotonicGA.generateSolution(MonotonicGA.java:223)
	at org.evosuite.strategy.WholeTestSuiteStrategy.generateTests(WholeTestSuiteStrategy.java:113)
	at org.evosuite.TestSuiteGenerator.generateTests(TestSuiteGenerator.java:653)
	at org.evosuite.TestSuiteGenerator.generateTestSuite(TestSuiteGenerator.java:236)
	at org.evosuite.rmi.service.ClientNodeImpl$1.run(ClientNodeImpl.java:145)
	at java.util.concurrent.Executors$RunnableAdapter.call(Executors.java:511)
	at java.util.concurrent.FutureTask.run(FutureTask.java:266)
	at java.util.concurrent.ThreadPoolExecutor.runWorker(ThreadPoolExecutor.java:1142)
	at java.util.concurrent.ThreadPoolExecutor$Worker.run(ThreadPoolExecutor.java:617)
	at java.lang.Thread.run(Thread.java:748)
Caused by: java.lang.NoClassDefFoundError: com/vaadin/server/VaadinPortlet$VaadinHttpAndPortletRequest
	at java.lang.ClassLoader.defineClass1(Native Method)
	at java.lang.ClassLoader.defineClass(ClassLoader.java:763)
	at java.lang.ClassLoader.defineClass(ClassLoader.java:642)
	at org.evosuite.instrumentation.InstrumentingClassLoader.instrumentClass(InstrumentingClassLoader.java:194)
	... 46 common frames omitted
Caused by: java.lang.ClassNotFoundException: com/vaadin/server/VaadinPortletRequest
	at org.evosuite.instrumentation.InstrumentingClassLoader.instrumentClass(InstrumentingClassLoader.java:201)
	at org.evosuite.instrumentation.InstrumentingClassLoader.loadClass(InstrumentingClassLoader.java:168)
	... 50 common frames omitted
Caused by: java.lang.NoClassDefFoundError: com/vaadin/server/VaadinPortletRequest
	at java.lang.ClassLoader.defineClass1(Native Method)
	at java.lang.ClassLoader.defineClass(ClassLoader.java:763)
	at java.lang.ClassLoader.defineClass(ClassLoader.java:642)
	at org.evosuite.instrumentation.InstrumentingClassLoader.instrumentClass(InstrumentingClassLoader.java:194)
	... 51 common frames omitted
Caused by: java.lang.ClassNotFoundException: javax/portlet/filter/PortletRequestWrapper
	at org.evosuite.instrumentation.InstrumentingClassLoader.instrumentClass(InstrumentingClassLoader.java:201)
	at org.evosuite.instrumentation.InstrumentingClassLoader.loadClass(InstrumentingClassLoader.java:168)
	... 55 common frames omitted
Caused by: java.lang.NoClassDefFoundError: javax/portlet/filter/PortletRequestWrapper
	at java.lang.ClassLoader.defineClass1(Native Method)
	at java.lang.ClassLoader.defineClass(ClassLoader.java:763)
	at java.lang.ClassLoader.defineClass(ClassLoader.java:642)
	at org.evosuite.instrumentation.InstrumentingClassLoader.instrumentClass(InstrumentingClassLoader.java:194)
	... 56 common frames omitted
Caused by: java.lang.ClassNotFoundException: javax.portlet.filter.PortletRequestWrapper
	at java.net.URLClassLoader.findClass(URLClassLoader.java:381)
	at java.lang.ClassLoader.loadClass(ClassLoader.java:424)
	at sun.misc.Launcher$AppClassLoader.loadClass(Launcher.java:335)
	at java.lang.ClassLoader.loadClass(ClassLoader.java:357)
	at org.evosuite.instrumentation.InstrumentingClassLoader.loadClass(InstrumentingClassLoader.java:159)
	... 60 common frames omitted
[MASTER] 23:15:18.922 [pool-2-thread-1] ERROR ConcreteClassAnalyzer - Removing class from inheritance tree
[MASTER] 23:15:18.937 [pool-2-thread-1] ERROR ConcreteClassAnalyzer - Problem for com.polimi.fakePTS.tickets.UrbanTicket. Class not found: com.vaadin.server.VaadinPortlet$VaadinWebSpherePortalRequest
java.lang.ClassNotFoundException: com/vaadin/server/VaadinPortlet$VaadinHttpAndPortletRequest
	at org.evosuite.instrumentation.InstrumentingClassLoader.instrumentClass(InstrumentingClassLoader.java:201)
	at org.evosuite.instrumentation.InstrumentingClassLoader.loadClass(InstrumentingClassLoader.java:168)
	at java.lang.Class.forName0(Native Method)
	at java.lang.Class.forName(Class.java:348)
	at org.evosuite.setup.ConcreteClassAnalyzer.getConcreteClassesImpl(ConcreteClassAnalyzer.java:126)
	at org.evosuite.setup.ConcreteClassAnalyzer.getConcreteClasses(ConcreteClassAnalyzer.java:61)
	at org.evosuite.setup.TestClusterGenerator.addDependency(TestClusterGenerator.java:876)
	at org.evosuite.setup.TestClusterGenerator.addDependencies(TestClusterGenerator.java:787)
	at org.evosuite.setup.TestClusterGenerator.addDependencyClass(TestClusterGenerator.java:983)
	at org.evosuite.setup.TestClusterGenerator.resolveDependencies(TestClusterGenerator.java:358)
	at org.evosuite.setup.TestClusterGenerator.addNewDependencies(TestClusterGenerator.java:164)
	at org.evosuite.testcase.TestFactory.createObject(TestFactory.java:1255)
	at org.evosuite.testcase.TestFactory.attemptGeneration(TestFactory.java:814)
	at org.evosuite.testcase.TestFactory.createVariable(TestFactory.java:1401)
	at org.evosuite.testcase.TestFactory.createOrReuseVariable(TestFactory.java:1346)
	at org.evosuite.testcase.TestFactory.satisfyParameters(TestFactory.java:2320)
	at org.evosuite.testcase.TestFactory.addMethod(TestFactory.java:531)
	at org.evosuite.testcase.TestFactory.createObject(TestFactory.java:1276)
	at org.evosuite.testcase.TestFactory.attemptGeneration(TestFactory.java:814)
	at org.evosuite.testcase.TestFactory.createVariable(TestFactory.java:1401)
	at org.evosuite.testcase.TestFactory.createOrReuseVariable(TestFactory.java:1346)
	at org.evosuite.testcase.TestFactory.satisfyParameters(TestFactory.java:2320)
	at org.evosuite.testcase.TestFactory.addMethodFor(TestFactory.java:579)
	at org.evosuite.testcase.TestFactory.addCallFor(TestFactory.java:132)
	at org.evosuite.testcase.TestFactory.insertRandomCallOnObjectAt(TestFactory.java:2264)
	at org.evosuite.testcase.mutation.RandomInsertion.insertStatement(RandomInsertion.java:128)
	at org.evosuite.testcase.TestFactory.insertRandomStatement(TestFactory.java:2276)
	at org.evosuite.testcase.factories.RandomLengthTestFactory.getRandomTestCase(RandomLengthTestFactory.java:69)
	at org.evosuite.testcase.factories.RandomLengthTestFactory.getChromosome(RandomLengthTestFactory.java:89)
	at org.evosuite.testcase.factories.RandomLengthTestFactory.getChromosome(RandomLengthTestFactory.java:40)
	at org.evosuite.coverage.archive.ArchiveTestChromosomeFactory.getChromosome(ArchiveTestChromosomeFactory.java:88)
	at org.evosuite.coverage.archive.ArchiveTestChromosomeFactory.getChromosome(ArchiveTestChromosomeFactory.java:35)
	at org.evosuite.testsuite.factories.TestSuiteChromosomeFactory.getChromosome(TestSuiteChromosomeFactory.java:84)
	at org.evosuite.testsuite.factories.TestSuiteChromosomeFactory.getChromosome(TestSuiteChromosomeFactory.java:35)
	at org.evosuite.ga.metaheuristics.GeneticAlgorithm.generateRandomPopulation(GeneticAlgorithm.java:425)
	at org.evosuite.ga.metaheuristics.GeneticAlgorithm.generateInitialPopulation(GeneticAlgorithm.java:368)
	at org.evosuite.ga.metaheuristics.MonotonicGA.initializePopulation(MonotonicGA.java:204)
	at org.evosuite.ga.metaheuristics.MonotonicGA.generateSolution(MonotonicGA.java:223)
	at org.evosuite.strategy.WholeTestSuiteStrategy.generateTests(WholeTestSuiteStrategy.java:113)
	at org.evosuite.TestSuiteGenerator.generateTests(TestSuiteGenerator.java:653)
	at org.evosuite.TestSuiteGenerator.generateTestSuite(TestSuiteGenerator.java:236)
	at org.evosuite.rmi.service.ClientNodeImpl$1.run(ClientNodeImpl.java:145)
	at java.util.concurrent.Executors$RunnableAdapter.call(Executors.java:511)
	at java.util.concurrent.FutureTask.run(FutureTask.java:266)
	at java.util.concurrent.ThreadPoolExecutor.runWorker(ThreadPoolExecutor.java:1142)
	at java.util.concurrent.ThreadPoolExecutor$Worker.run(ThreadPoolExecutor.java:617)
	at java.lang.Thread.run(Thread.java:748)
Caused by: java.lang.NoClassDefFoundError: com/vaadin/server/VaadinPortlet$VaadinHttpAndPortletRequest
	at java.lang.ClassLoader.defineClass1(Native Method)
	at java.lang.ClassLoader.defineClass(ClassLoader.java:763)
	at java.lang.ClassLoader.defineClass(ClassLoader.java:642)
	at org.evosuite.instrumentation.InstrumentingClassLoader.instrumentClass(InstrumentingClassLoader.java:194)
	... 46 common frames omitted
Caused by: java.lang.ClassNotFoundException: com/vaadin/server/VaadinPortletRequest
	at org.evosuite.instrumentation.InstrumentingClassLoader.instrumentClass(InstrumentingClassLoader.java:201)
	at org.evosuite.instrumentation.InstrumentingClassLoader.loadClass(InstrumentingClassLoader.java:168)
	... 50 common frames omitted
Caused by: java.lang.NoClassDefFoundError: com/vaadin/server/VaadinPortletRequest
	at java.lang.ClassLoader.defineClass1(Native Method)
	at java.lang.ClassLoader.defineClass(ClassLoader.java:763)
	at java.lang.ClassLoader.defineClass(ClassLoader.java:642)
	at org.evosuite.instrumentation.InstrumentingClassLoader.instrumentClass(InstrumentingClassLoader.java:194)
	... 51 common frames omitted
Caused by: java.lang.ClassNotFoundException: javax/portlet/filter/PortletRequestWrapper
	at org.evosuite.instrumentation.InstrumentingClassLoader.instrumentClass(InstrumentingClassLoader.java:201)
	at org.evosuite.instrumentation.InstrumentingClassLoader.loadClass(InstrumentingClassLoader.java:168)
	... 55 common frames omitted
Caused by: java.lang.NoClassDefFoundError: javax/portlet/filter/PortletRequestWrapper
	at java.lang.ClassLoader.defineClass1(Native Method)
	at java.lang.ClassLoader.defineClass(ClassLoader.java:763)
	at java.lang.ClassLoader.defineClass(ClassLoader.java:642)
	at org.evosuite.instrumentation.InstrumentingClassLoader.instrumentClass(InstrumentingClassLoader.java:194)
	... 56 common frames omitted
Caused by: java.lang.ClassNotFoundException: javax.portlet.filter.PortletRequestWrapper
	at java.net.URLClassLoader.findClass(URLClassLoader.java:381)
	at java.lang.ClassLoader.loadClass(ClassLoader.java:424)
	at sun.misc.Launcher$AppClassLoader.loadClass(Launcher.java:335)
	at java.lang.ClassLoader.loadClass(ClassLoader.java:357)
	at org.evosuite.instrumentation.InstrumentingClassLoader.loadClass(InstrumentingClassLoader.java:159)
	... 60 common frames omitted
[MASTER] 23:15:18.937 [pool-2-thread-1] ERROR ConcreteClassAnalyzer - Removing class from inheritance tree
[MASTER] 23:15:18.942 [pool-2-thread-1] ERROR ConcreteClassAnalyzer - Problem for com.polimi.fakePTS.tickets.UrbanTicket. Class not found: com.vaadin.server.VaadinPortletRequest
java.lang.ClassNotFoundException: javax/portlet/filter/PortletRequestWrapper
	at org.evosuite.instrumentation.InstrumentingClassLoader.instrumentClass(InstrumentingClassLoader.java:201)
	at org.evosuite.instrumentation.InstrumentingClassLoader.loadClass(InstrumentingClassLoader.java:168)
	at java.lang.Class.forName0(Native Method)
	at java.lang.Class.forName(Class.java:348)
	at org.evosuite.setup.ConcreteClassAnalyzer.getConcreteClassesImpl(ConcreteClassAnalyzer.java:126)
	at org.evosuite.setup.ConcreteClassAnalyzer.getConcreteClasses(ConcreteClassAnalyzer.java:61)
	at org.evosuite.setup.TestClusterGenerator.addDependency(TestClusterGenerator.java:876)
	at org.evosuite.setup.TestClusterGenerator.addDependencies(TestClusterGenerator.java:787)
	at org.evosuite.setup.TestClusterGenerator.addDependencyClass(TestClusterGenerator.java:983)
	at org.evosuite.setup.TestClusterGenerator.resolveDependencies(TestClusterGenerator.java:358)
	at org.evosuite.setup.TestClusterGenerator.addNewDependencies(TestClusterGenerator.java:164)
	at org.evosuite.testcase.TestFactory.createObject(TestFactory.java:1255)
	at org.evosuite.testcase.TestFactory.attemptGeneration(TestFactory.java:814)
	at org.evosuite.testcase.TestFactory.createVariable(TestFactory.java:1401)
	at org.evosuite.testcase.TestFactory.createOrReuseVariable(TestFactory.java:1346)
	at org.evosuite.testcase.TestFactory.satisfyParameters(TestFactory.java:2320)
	at org.evosuite.testcase.TestFactory.addMethod(TestFactory.java:531)
	at org.evosuite.testcase.TestFactory.createObject(TestFactory.java:1276)
	at org.evosuite.testcase.TestFactory.attemptGeneration(TestFactory.java:814)
	at org.evosuite.testcase.TestFactory.createVariable(TestFactory.java:1401)
	at org.evosuite.testcase.TestFactory.createOrReuseVariable(TestFactory.java:1346)
	at org.evosuite.testcase.TestFactory.satisfyParameters(TestFactory.java:2320)
	at org.evosuite.testcase.TestFactory.addMethodFor(TestFactory.java:579)
	at org.evosuite.testcase.TestFactory.addCallFor(TestFactory.java:132)
	at org.evosuite.testcase.TestFactory.insertRandomCallOnObjectAt(TestFactory.java:2264)
	at org.evosuite.testcase.mutation.RandomInsertion.insertStatement(RandomInsertion.java:128)
	at org.evosuite.testcase.TestFactory.insertRandomStatement(TestFactory.java:2276)
	at org.evosuite.testcase.factories.RandomLengthTestFactory.getRandomTestCase(RandomLengthTestFactory.java:69)
	at org.evosuite.testcase.factories.RandomLengthTestFactory.getChromosome(RandomLengthTestFactory.java:89)
	at org.evosuite.testcase.factories.RandomLengthTestFactory.getChromosome(RandomLengthTestFactory.java:40)
	at org.evosuite.coverage.archive.ArchiveTestChromosomeFactory.getChromosome(ArchiveTestChromosomeFactory.java:88)
	at org.evosuite.coverage.archive.ArchiveTestChromosomeFactory.getChromosome(ArchiveTestChromosomeFactory.java:35)
	at org.evosuite.testsuite.factories.TestSuiteChromosomeFactory.getChromosome(TestSuiteChromosomeFactory.java:84)
	at org.evosuite.testsuite.factories.TestSuiteChromosomeFactory.getChromosome(TestSuiteChromosomeFactory.java:35)
	at org.evosuite.ga.metaheuristics.GeneticAlgorithm.generateRandomPopulation(GeneticAlgorithm.java:425)
	at org.evosuite.ga.metaheuristics.GeneticAlgorithm.generateInitialPopulation(GeneticAlgorithm.java:368)
	at org.evosuite.ga.metaheuristics.MonotonicGA.initializePopulation(MonotonicGA.java:204)
	at org.evosuite.ga.metaheuristics.MonotonicGA.generateSolution(MonotonicGA.java:223)
	at org.evosuite.strategy.WholeTestSuiteStrategy.generateTests(WholeTestSuiteStrategy.java:113)
	at org.evosuite.TestSuiteGenerator.generateTests(TestSuiteGenerator.java:653)
	at org.evosuite.TestSuiteGenerator.generateTestSuite(TestSuiteGenerator.java:236)
	at org.evosuite.rmi.service.ClientNodeImpl$1.run(ClientNodeImpl.java:145)
	at java.util.concurrent.Executors$RunnableAdapter.call(Executors.java:511)
	at java.util.concurrent.FutureTask.run(FutureTask.java:266)
	at java.util.concurrent.ThreadPoolExecutor.runWorker(ThreadPoolExecutor.java:1142)
	at java.util.concurrent.ThreadPoolExecutor$Worker.run(ThreadPoolExecutor.java:617)
	at java.lang.Thread.run(Thread.java:748)
Caused by: java.lang.NoClassDefFoundError: javax/portlet/filter/PortletRequestWrapper
	at java.lang.ClassLoader.defineClass1(Native Method)
	at java.lang.ClassLoader.defineClass(ClassLoader.java:763)
	at java.lang.ClassLoader.defineClass(ClassLoader.java:642)
	at org.evosuite.instrumentation.InstrumentingClassLoader.instrumentClass(InstrumentingClassLoader.java:194)
	... 46 common frames omitted
Caused by: java.lang.ClassNotFoundException: javax.portlet.filter.PortletRequestWrapper
	at java.net.URLClassLoader.findClass(URLClassLoader.java:381)
	at java.lang.ClassLoader.loadClass(ClassLoader.java:424)
	at sun.misc.Launcher$AppClassLoader.loadClass(Launcher.java:335)
	at java.lang.ClassLoader.loadClass(ClassLoader.java:357)
	at org.evosuite.instrumentation.InstrumentingClassLoader.loadClass(InstrumentingClassLoader.java:159)
	... 50 common frames omitted
[MASTER] 23:15:18.943 [pool-2-thread-1] ERROR ConcreteClassAnalyzer - Removing class from inheritance tree
[MASTER] 23:15:21.603 [pool-2-thread-1] ERROR ConcreteClassAnalyzer - Problem for com.polimi.fakePTS.tickets.UrbanTicket. Class not found: org.atmosphere.container.Tomcat7AsyncSupportWithWebSocket
java.lang.ClassNotFoundException: org/atmosphere/container/Tomcat7CometSupport
	at org.evosuite.instrumentation.InstrumentingClassLoader.instrumentClass(InstrumentingClassLoader.java:201)
	at org.evosuite.instrumentation.InstrumentingClassLoader.loadClass(InstrumentingClassLoader.java:168)
	at java.lang.Class.forName0(Native Method)
	at java.lang.Class.forName(Class.java:348)
	at org.evosuite.setup.ConcreteClassAnalyzer.getConcreteClassesImpl(ConcreteClassAnalyzer.java:126)
	at org.evosuite.setup.ConcreteClassAnalyzer.getConcreteClasses(ConcreteClassAnalyzer.java:61)
	at org.evosuite.setup.TestClusterGenerator.addDependency(TestClusterGenerator.java:876)
	at org.evosuite.setup.TestClusterGenerator.addDependencies(TestClusterGenerator.java:787)
	at org.evosuite.setup.TestClusterGenerator.addDependencyClass(TestClusterGenerator.java:983)
	at org.evosuite.setup.TestClusterGenerator.resolveDependencies(TestClusterGenerator.java:358)
	at org.evosuite.setup.TestClusterGenerator.addNewDependencies(TestClusterGenerator.java:164)
	at org.evosuite.testcase.TestFactory.createObject(TestFactory.java:1255)
	at org.evosuite.testcase.TestFactory.attemptGeneration(TestFactory.java:814)
	at org.evosuite.testcase.TestFactory.createVariable(TestFactory.java:1401)
	at org.evosuite.testcase.TestFactory.createOrReuseVariable(TestFactory.java:1346)
	at org.evosuite.testcase.TestFactory.satisfyParameters(TestFactory.java:2320)
	at org.evosuite.testcase.TestFactory.addMethod(TestFactory.java:531)
	at org.evosuite.testcase.TestFactory.createObject(TestFactory.java:1276)
	at org.evosuite.testcase.TestFactory.attemptGeneration(TestFactory.java:814)
	at org.evosuite.testcase.TestFactory.createVariable(TestFactory.java:1401)
	at org.evosuite.testcase.TestFactory.createOrReuseVariable(TestFactory.java:1346)
	at org.evosuite.testcase.TestFactory.satisfyParameters(TestFactory.java:2320)
	at org.evosuite.testcase.TestFactory.addMethodFor(TestFactory.java:579)
	at org.evosuite.testcase.TestFactory.addCallFor(TestFactory.java:132)
	at org.evosuite.testcase.TestFactory.insertRandomCallOnObjectAt(TestFactory.java:2264)
	at org.evosuite.testcase.mutation.RandomInsertion.insertStatement(RandomInsertion.java:128)
	at org.evosuite.testcase.TestFactory.insertRandomStatement(TestFactory.java:2276)
	at org.evosuite.testcase.factories.RandomLengthTestFactory.getRandomTestCase(RandomLengthTestFactory.java:69)
	at org.evosuite.testcase.factories.RandomLengthTestFactory.getChromosome(RandomLengthTestFactory.java:89)
	at org.evosuite.testcase.factories.RandomLengthTestFactory.getChromosome(RandomLengthTestFactory.java:40)
	at org.evosuite.coverage.archive.ArchiveTestChromosomeFactory.getChromosome(ArchiveTestChromosomeFactory.java:88)
	at org.evosuite.coverage.archive.ArchiveTestChromosomeFactory.getChromosome(ArchiveTestChromosomeFactory.java:35)
	at org.evosuite.testsuite.factories.TestSuiteChromosomeFactory.getChromosome(TestSuiteChromosomeFactory.java:84)
	at org.evosuite.testsuite.factories.TestSuiteChromosomeFactory.getChromosome(TestSuiteChromosomeFactory.java:35)
	at org.evosuite.ga.metaheuristics.GeneticAlgorithm.generateRandomPopulation(GeneticAlgorithm.java:425)
	at org.evosuite.ga.metaheuristics.GeneticAlgorithm.generateInitialPopulation(GeneticAlgorithm.java:368)
	at org.evosuite.ga.metaheuristics.MonotonicGA.initializePopulation(MonotonicGA.java:204)
	at org.evosuite.ga.metaheuristics.MonotonicGA.generateSolution(MonotonicGA.java:223)
	at org.evosuite.strategy.WholeTestSuiteStrategy.generateTests(WholeTestSuiteStrategy.java:113)
	at org.evosuite.TestSuiteGenerator.generateTests(TestSuiteGenerator.java:653)
	at org.evosuite.TestSuiteGenerator.generateTestSuite(TestSuiteGenerator.java:236)
	at org.evosuite.rmi.service.ClientNodeImpl$1.run(ClientNodeImpl.java:145)
	at java.util.concurrent.Executors$RunnableAdapter.call(Executors.java:511)
	at java.util.concurrent.FutureTask.run(FutureTask.java:266)
	at java.util.concurrent.ThreadPoolExecutor.runWorker(ThreadPoolExecutor.java:1142)
	at java.util.concurrent.ThreadPoolExecutor$Worker.run(ThreadPoolExecutor.java:617)
	at java.lang.Thread.run(Thread.java:748)
Caused by: java.lang.NoClassDefFoundError: org/atmosphere/container/Tomcat7CometSupport
	at java.lang.ClassLoader.defineClass1(Native Method)
	at java.lang.ClassLoader.defineClass(ClassLoader.java:763)
	at java.lang.ClassLoader.defineClass(ClassLoader.java:642)
	at org.evosuite.instrumentation.InstrumentingClassLoader.instrumentClass(InstrumentingClassLoader.java:194)
	... 46 common frames omitted
Caused by: java.lang.ClassNotFoundException: Class not found: org/apache/catalina/comet/CometEvent: java.lang.NullPointerException: Class not found org/apache/catalina/comet/CometEvent
	at org.evosuite.instrumentation.InstrumentingClassLoader.instrumentClass(InstrumentingClassLoader.java:201)
	at org.evosuite.instrumentation.InstrumentingClassLoader.loadClass(InstrumentingClassLoader.java:168)
	... 50 common frames omitted
Caused by: java.lang.RuntimeException: Class not found: org/apache/catalina/comet/CometEvent: java.lang.NullPointerException: Class not found org/apache/catalina/comet/CometEvent
	at org.evosuite.runtime.util.ComputeClassWriter.getCommonSuperClass(ComputeClassWriter.java:58)
	at org.evosuite.shaded.org.objectweb.asm.ClassWriter.a(Unknown Source)
	at org.evosuite.shaded.org.objectweb.asm.Frame.a(Unknown Source)
	at org.evosuite.shaded.org.objectweb.asm.Frame.a(Unknown Source)
	at org.evosuite.shaded.org.objectweb.asm.MethodWriter.visitMaxs(Unknown Source)
	at org.evosuite.shaded.org.objectweb.asm.MethodVisitor.visitMaxs(Unknown Source)
	at org.evosuite.shaded.org.objectweb.asm.MethodVisitor.visitMaxs(Unknown Source)
	at org.evosuite.shaded.org.objectweb.asm.MethodVisitor.visitMaxs(Unknown Source)
	at org.evosuite.runtime.instrumentation.LoopCounterMethodAdapter.visitMaxs(LoopCounterMethodAdapter.java:48)
	at org.evosuite.shaded.org.objectweb.asm.tree.MethodNode.accept(Unknown Source)
	at org.evosuite.shaded.org.objectweb.asm.commons.JSRInlinerAdapter.visitEnd(Unknown Source)
	at org.evosuite.shaded.org.objectweb.asm.MethodVisitor.visitEnd(Unknown Source)
	at org.evosuite.shaded.org.objectweb.asm.MethodVisitor.visitEnd(Unknown Source)
	at org.evosuite.shaded.org.objectweb.asm.MethodVisitor.visitEnd(Unknown Source)
	at org.evosuite.shaded.org.objectweb.asm.ClassReader.b(Unknown Source)
	at org.evosuite.shaded.org.objectweb.asm.ClassReader.accept(Unknown Source)
	at org.evosuite.shaded.org.objectweb.asm.ClassReader.accept(Unknown Source)
	at org.evosuite.instrumentation.BytecodeInstrumentation.transformBytes(BytecodeInstrumentation.java:282)
	at org.evosuite.instrumentation.InstrumentingClassLoader.getTransformedBytes(InstrumentingClassLoader.java:175)
	at org.evosuite.instrumentation.InstrumentingClassLoader.instrumentClass(InstrumentingClassLoader.java:192)
	... 51 common frames omitted
Caused by: java.lang.NullPointerException: Class not found org/apache/catalina/comet/CometEvent
	at org.evosuite.runtime.util.ComputeClassWriter.typeInfo(ComputeClassWriter.java:186)
	at org.evosuite.runtime.util.ComputeClassWriter.getCommonSuperClass(ComputeClassWriter.java:55)
	... 70 common frames omitted
[MASTER] 23:15:21.603 [pool-2-thread-1] ERROR ConcreteClassAnalyzer - Removing class from inheritance tree
[MASTER] 23:15:21.608 [pool-2-thread-1] ERROR ConcreteClassAnalyzer - Problem for com.polimi.fakePTS.tickets.UrbanTicket. Class not found: org.atmosphere.container.Tomcat7CometSupport
java.lang.ClassNotFoundException: Class not found: org/apache/catalina/comet/CometEvent: java.lang.NullPointerException: Class not found org/apache/catalina/comet/CometEvent
	at org.evosuite.instrumentation.InstrumentingClassLoader.instrumentClass(InstrumentingClassLoader.java:201)
	at org.evosuite.instrumentation.InstrumentingClassLoader.loadClass(InstrumentingClassLoader.java:168)
	at java.lang.Class.forName0(Native Method)
	at java.lang.Class.forName(Class.java:348)
	at org.evosuite.setup.ConcreteClassAnalyzer.getConcreteClassesImpl(ConcreteClassAnalyzer.java:126)
	at org.evosuite.setup.ConcreteClassAnalyzer.getConcreteClasses(ConcreteClassAnalyzer.java:61)
	at org.evosuite.setup.TestClusterGenerator.addDependency(TestClusterGenerator.java:876)
	at org.evosuite.setup.TestClusterGenerator.addDependencies(TestClusterGenerator.java:787)
	at org.evosuite.setup.TestClusterGenerator.addDependencyClass(TestClusterGenerator.java:983)
	at org.evosuite.setup.TestClusterGenerator.resolveDependencies(TestClusterGenerator.java:358)
	at org.evosuite.setup.TestClusterGenerator.addNewDependencies(TestClusterGenerator.java:164)
	at org.evosuite.testcase.TestFactory.createObject(TestFactory.java:1255)
	at org.evosuite.testcase.TestFactory.attemptGeneration(TestFactory.java:814)
	at org.evosuite.testcase.TestFactory.createVariable(TestFactory.java:1401)
	at org.evosuite.testcase.TestFactory.createOrReuseVariable(TestFactory.java:1346)
	at org.evosuite.testcase.TestFactory.satisfyParameters(TestFactory.java:2320)
	at org.evosuite.testcase.TestFactory.addMethod(TestFactory.java:531)
	at org.evosuite.testcase.TestFactory.createObject(TestFactory.java:1276)
	at org.evosuite.testcase.TestFactory.attemptGeneration(TestFactory.java:814)
	at org.evosuite.testcase.TestFactory.createVariable(TestFactory.java:1401)
	at org.evosuite.testcase.TestFactory.createOrReuseVariable(TestFactory.java:1346)
	at org.evosuite.testcase.TestFactory.satisfyParameters(TestFactory.java:2320)
	at org.evosuite.testcase.TestFactory.addMethodFor(TestFactory.java:579)
	at org.evosuite.testcase.TestFactory.addCallFor(TestFactory.java:132)
	at org.evosuite.testcase.TestFactory.insertRandomCallOnObjectAt(TestFactory.java:2264)
	at org.evosuite.testcase.mutation.RandomInsertion.insertStatement(RandomInsertion.java:128)
	at org.evosuite.testcase.TestFactory.insertRandomStatement(TestFactory.java:2276)
	at org.evosuite.testcase.factories.RandomLengthTestFactory.getRandomTestCase(RandomLengthTestFactory.java:69)
	at org.evosuite.testcase.factories.RandomLengthTestFactory.getChromosome(RandomLengthTestFactory.java:89)
	at org.evosuite.testcase.factories.RandomLengthTestFactory.getChromosome(RandomLengthTestFactory.java:40)
	at org.evosuite.coverage.archive.ArchiveTestChromosomeFactory.getChromosome(ArchiveTestChromosomeFactory.java:88)
	at org.evosuite.coverage.archive.ArchiveTestChromosomeFactory.getChromosome(ArchiveTestChromosomeFactory.java:35)
	at org.evosuite.testsuite.factories.TestSuiteChromosomeFactory.getChromosome(TestSuiteChromosomeFactory.java:84)
	at org.evosuite.testsuite.factories.TestSuiteChromosomeFactory.getChromosome(TestSuiteChromosomeFactory.java:35)
	at org.evosuite.ga.metaheuristics.GeneticAlgorithm.generateRandomPopulation(GeneticAlgorithm.java:425)
	at org.evosuite.ga.metaheuristics.GeneticAlgorithm.generateInitialPopulation(GeneticAlgorithm.java:368)
	at org.evosuite.ga.metaheuristics.MonotonicGA.initializePopulation(MonotonicGA.java:204)
	at org.evosuite.ga.metaheuristics.MonotonicGA.generateSolution(MonotonicGA.java:223)
	at org.evosuite.strategy.WholeTestSuiteStrategy.generateTests(WholeTestSuiteStrategy.java:113)
	at org.evosuite.TestSuiteGenerator.generateTests(TestSuiteGenerator.java:653)
	at org.evosuite.TestSuiteGenerator.generateTestSuite(TestSuiteGenerator.java:236)
	at org.evosuite.rmi.service.ClientNodeImpl$1.run(ClientNodeImpl.java:145)
	at java.util.concurrent.Executors$RunnableAdapter.call(Executors.java:511)
	at java.util.concurrent.FutureTask.run(FutureTask.java:266)
	at java.util.concurrent.ThreadPoolExecutor.runWorker(ThreadPoolExecutor.java:1142)
	at java.util.concurrent.ThreadPoolExecutor$Worker.run(ThreadPoolExecutor.java:617)
	at java.lang.Thread.run(Thread.java:748)
Caused by: java.lang.RuntimeException: Class not found: org/apache/catalina/comet/CometEvent: java.lang.NullPointerException: Class not found org/apache/catalina/comet/CometEvent
	at org.evosuite.runtime.util.ComputeClassWriter.getCommonSuperClass(ComputeClassWriter.java:58)
	at org.evosuite.shaded.org.objectweb.asm.ClassWriter.a(Unknown Source)
	at org.evosuite.shaded.org.objectweb.asm.Frame.a(Unknown Source)
	at org.evosuite.shaded.org.objectweb.asm.Frame.a(Unknown Source)
	at org.evosuite.shaded.org.objectweb.asm.MethodWriter.visitMaxs(Unknown Source)
	at org.evosuite.shaded.org.objectweb.asm.MethodVisitor.visitMaxs(Unknown Source)
	at org.evosuite.shaded.org.objectweb.asm.MethodVisitor.visitMaxs(Unknown Source)
	at org.evosuite.shaded.org.objectweb.asm.MethodVisitor.visitMaxs(Unknown Source)
	at org.evosuite.runtime.instrumentation.LoopCounterMethodAdapter.visitMaxs(LoopCounterMethodAdapter.java:48)
	at org.evosuite.shaded.org.objectweb.asm.tree.MethodNode.accept(Unknown Source)
	at org.evosuite.shaded.org.objectweb.asm.commons.JSRInlinerAdapter.visitEnd(Unknown Source)
	at org.evosuite.shaded.org.objectweb.asm.MethodVisitor.visitEnd(Unknown Source)
	at org.evosuite.shaded.org.objectweb.asm.MethodVisitor.visitEnd(Unknown Source)
	at org.evosuite.shaded.org.objectweb.asm.MethodVisitor.visitEnd(Unknown Source)
	at org.evosuite.shaded.org.objectweb.asm.ClassReader.b(Unknown Source)
	at org.evosuite.shaded.org.objectweb.asm.ClassReader.accept(Unknown Source)
	at org.evosuite.shaded.org.objectweb.asm.ClassReader.accept(Unknown Source)
	at org.evosuite.instrumentation.BytecodeInstrumentation.transformBytes(BytecodeInstrumentation.java:282)
	at org.evosuite.instrumentation.InstrumentingClassLoader.getTransformedBytes(InstrumentingClassLoader.java:175)
	at org.evosuite.instrumentation.InstrumentingClassLoader.instrumentClass(InstrumentingClassLoader.java:192)
	... 46 common frames omitted
Caused by: java.lang.NullPointerException: Class not found org/apache/catalina/comet/CometEvent
	at org.evosuite.runtime.util.ComputeClassWriter.typeInfo(ComputeClassWriter.java:186)
	at org.evosuite.runtime.util.ComputeClassWriter.getCommonSuperClass(ComputeClassWriter.java:55)
	... 65 common frames omitted
[MASTER] 23:15:21.608 [pool-2-thread-1] ERROR ConcreteClassAnalyzer - Removing class from inheritance tree
[MASTER] 23:15:21.980 [pool-2-thread-1] ERROR TestClusterGenerator - Problem for com.polimi.fakePTS.tickets.UrbanTicket. Failed to add dependencies for class org.atmosphere.container.JettyCometSupport: java.lang.TypeNotPresentException: Type org.mortbay.util.ajax.Continuation not present
[sun.reflect.generics.factory.CoreReflectionFactory.makeNamedType(CoreReflectionFactory.java:117), sun.reflect.generics.visitor.Reifier.visitClassTypeSignature(Reifier.java:125), sun.reflect.generics.tree.ClassTypeSignature.accept(ClassTypeSignature.java:49), sun.reflect.generics.visitor.Reifier.reifyTypeArguments(Reifier.java:68), sun.reflect.generics.visitor.Reifier.visitClassTypeSignature(Reifier.java:138), sun.reflect.generics.tree.ClassTypeSignature.accept(ClassTypeSignature.java:49), sun.reflect.generics.repository.FieldRepository.getGenericType(FieldRepository.java:85), java.lang.reflect.Field.getGenericType(Field.java:247), java.lang.reflect.Field.toGenericString(Field.java:329), org.evosuite.setup.TestClusterUtils.getFields(TestClusterUtils.java:224), org.evosuite.setup.TestClusterGenerator.addDependencyClass(TestClusterGenerator.java:1007), org.evosuite.setup.TestClusterGenerator.resolveDependencies(TestClusterGenerator.java:358), org.evosuite.setup.TestClusterGenerator.addNewDependencies(TestClusterGenerator.java:164), org.evosuite.testcase.TestFactory.createObject(TestFactory.java:1255), org.evosuite.testcase.TestFactory.attemptGeneration(TestFactory.java:814), org.evosuite.testcase.TestFactory.createVariable(TestFactory.java:1401), org.evosuite.testcase.TestFactory.createOrReuseVariable(TestFactory.java:1346), org.evosuite.testcase.TestFactory.satisfyParameters(TestFactory.java:2320), org.evosuite.testcase.TestFactory.addMethod(TestFactory.java:531), org.evosuite.testcase.TestFactory.createObject(TestFactory.java:1276), org.evosuite.testcase.TestFactory.attemptGeneration(TestFactory.java:814), org.evosuite.testcase.TestFactory.createVariable(TestFactory.java:1401), org.evosuite.testcase.TestFactory.createOrReuseVariable(TestFactory.java:1346), org.evosuite.testcase.TestFactory.satisfyParameters(TestFactory.java:2320), org.evosuite.testcase.TestFactory.addMethodFor(TestFactory.java:579), org.evosuite.testcase.TestFactory.addCallFor(TestFactory.java:132), org.evosuite.testcase.TestFactory.insertRandomCallOnObjectAt(TestFactory.java:2264), org.evosuite.testcase.mutation.RandomInsertion.insertStatement(RandomInsertion.java:128), org.evosuite.testcase.TestFactory.insertRandomStatement(TestFactory.java:2276), org.evosuite.testcase.factories.RandomLengthTestFactory.getRandomTestCase(RandomLengthTestFactory.java:69), org.evosuite.testcase.factories.RandomLengthTestFactory.getChromosome(RandomLengthTestFactory.java:89), org.evosuite.testcase.factories.RandomLengthTestFactory.getChromosome(RandomLengthTestFactory.java:40), org.evosuite.coverage.archive.ArchiveTestChromosomeFactory.getChromosome(ArchiveTestChromosomeFactory.java:88), org.evosuite.coverage.archive.ArchiveTestChromosomeFactory.getChromosome(ArchiveTestChromosomeFactory.java:35), org.evosuite.testsuite.factories.TestSuiteChromosomeFactory.getChromosome(TestSuiteChromosomeFactory.java:84), org.evosuite.testsuite.factories.TestSuiteChromosomeFactory.getChromosome(TestSuiteChromosomeFactory.java:35), org.evosuite.ga.metaheuristics.GeneticAlgorithm.generateRandomPopulation(GeneticAlgorithm.java:425), org.evosuite.ga.metaheuristics.GeneticAlgorithm.generateInitialPopulation(GeneticAlgorithm.java:368), org.evosuite.ga.metaheuristics.MonotonicGA.initializePopulation(MonotonicGA.java:204), org.evosuite.ga.metaheuristics.MonotonicGA.generateSolution(MonotonicGA.java:223), org.evosuite.strategy.WholeTestSuiteStrategy.generateTests(WholeTestSuiteStrategy.java:113), org.evosuite.TestSuiteGenerator.generateTests(TestSuiteGenerator.java:653), org.evosuite.TestSuiteGenerator.generateTestSuite(TestSuiteGenerator.java:236), org.evosuite.rmi.service.ClientNodeImpl$1.run(ClientNodeImpl.java:145), java.util.concurrent.Executors$RunnableAdapter.call(Executors.java:511), java.util.concurrent.FutureTask.run(FutureTask.java:266), java.util.concurrent.ThreadPoolExecutor.runWorker(ThreadPoolExecutor.java:1142), java.util.concurrent.ThreadPoolExecutor$Worker.run(ThreadPoolExecutor.java:617), java.lang.Thread.run(Thread.java:748)]
[MASTER] 23:15:25.558 [pool-2-thread-1] ERROR TestClusterGenerator - Problem for com.polimi.fakePTS.tickets.UrbanTicket. Failed to add dependencies for class org.atmosphere.container.JettyCometSupport: java.lang.TypeNotPresentException: Type org.mortbay.util.ajax.Continuation not present
[sun.reflect.generics.factory.CoreReflectionFactory.makeNamedType(CoreReflectionFactory.java:117), sun.reflect.generics.visitor.Reifier.visitClassTypeSignature(Reifier.java:125), sun.reflect.generics.tree.ClassTypeSignature.accept(ClassTypeSignature.java:49), sun.reflect.generics.visitor.Reifier.reifyTypeArguments(Reifier.java:68), sun.reflect.generics.visitor.Reifier.visitClassTypeSignature(Reifier.java:138), sun.reflect.generics.tree.ClassTypeSignature.accept(ClassTypeSignature.java:49), sun.reflect.generics.repository.FieldRepository.getGenericType(FieldRepository.java:85), java.lang.reflect.Field.getGenericType(Field.java:247), java.lang.reflect.Field.toGenericString(Field.java:329), org.evosuite.setup.TestClusterUtils.getFields(TestClusterUtils.java:224), org.evosuite.setup.TestClusterGenerator.addDependencyClass(TestClusterGenerator.java:1007), org.evosuite.setup.TestClusterGenerator.resolveDependencies(TestClusterGenerator.java:358), org.evosuite.setup.TestClusterGenerator.addNewDependencies(TestClusterGenerator.java:164), org.evosuite.testcase.TestFactory.createObject(TestFactory.java:1257), org.evosuite.testcase.TestFactory.attemptGeneration(TestFactory.java:814), org.evosuite.testcase.TestFactory.createVariable(TestFactory.java:1401), org.evosuite.testcase.TestFactory.createOrReuseVariable(TestFactory.java:1346), org.evosuite.testcase.TestFactory.addMethod(TestFactory.java:513), org.evosuite.testcase.TestFactory.createObject(TestFactory.java:1276), org.evosuite.testcase.TestFactory.attemptGeneration(TestFactory.java:814), org.evosuite.testcase.TestFactory.createVariable(TestFactory.java:1401), org.evosuite.testcase.TestFactory.createOrReuseVariable(TestFactory.java:1346), org.evosuite.testcase.TestFactory.satisfyParameters(TestFactory.java:2320), org.evosuite.testcase.TestFactory.addMethod(TestFactory.java:531), org.evosuite.testcase.TestFactory.createObject(TestFactory.java:1276), org.evosuite.testcase.TestFactory.attemptGeneration(TestFactory.java:814), org.evosuite.testcase.TestFactory.createVariable(TestFactory.java:1401), org.evosuite.testcase.TestFactory.createOrReuseVariable(TestFactory.java:1346), org.evosuite.testcase.TestFactory.satisfyParameters(TestFactory.java:2320), org.evosuite.testcase.TestFactory.addMethodFor(TestFactory.java:579), org.evosuite.testcase.TestFactory.addCallFor(TestFactory.java:132), org.evosuite.testcase.TestFactory.insertRandomCallOnObjectAt(TestFactory.java:2264), org.evosuite.testcase.mutation.RandomInsertion.insertStatement(RandomInsertion.java:128), org.evosuite.testcase.TestFactory.insertRandomStatement(TestFactory.java:2276), org.evosuite.testcase.factories.RandomLengthTestFactory.getRandomTestCase(RandomLengthTestFactory.java:69), org.evosuite.testcase.factories.RandomLengthTestFactory.getChromosome(RandomLengthTestFactory.java:89), org.evosuite.testcase.factories.RandomLengthTestFactory.getChromosome(RandomLengthTestFactory.java:40), org.evosuite.coverage.archive.ArchiveTestChromosomeFactory.getChromosome(ArchiveTestChromosomeFactory.java:88), org.evosuite.coverage.archive.ArchiveTestChromosomeFactory.getChromosome(ArchiveTestChromosomeFactory.java:35), org.evosuite.testsuite.factories.TestSuiteChromosomeFactory.getChromosome(TestSuiteChromosomeFactory.java:84), org.evosuite.testsuite.factories.TestSuiteChromosomeFactory.getChromosome(TestSuiteChromosomeFactory.java:35), org.evosuite.ga.metaheuristics.GeneticAlgorithm.generateRandomPopulation(GeneticAlgorithm.java:425), org.evosuite.ga.metaheuristics.GeneticAlgorithm.generateInitialPopulation(GeneticAlgorithm.java:368), org.evosuite.ga.metaheuristics.MonotonicGA.initializePopulation(MonotonicGA.java:204), org.evosuite.ga.metaheuristics.MonotonicGA.generateSolution(MonotonicGA.java:223), org.evosuite.strategy.WholeTestSuiteStrategy.generateTests(WholeTestSuiteStrategy.java:113), org.evosuite.TestSuiteGenerator.generateTests(TestSuiteGenerator.java:653), org.evosuite.TestSuiteGenerator.generateTestSuite(TestSuiteGenerator.java:236), org.evosuite.rmi.service.ClientNodeImpl$1.run(ClientNodeImpl.java:145), java.util.concurrent.Executors$RunnableAdapter.call(Executors.java:511), java.util.concurrent.FutureTask.run(FutureTask.java:266), java.util.concurrent.ThreadPoolExecutor.runWorker(ThreadPoolExecutor.java:1142), java.util.concurrent.ThreadPoolExecutor$Worker.run(ThreadPoolExecutor.java:617), java.lang.Thread.run(Thread.java:748)]
[MASTER] 23:15:27.002 [pool-2-thread-1] ERROR TestClusterGenerator - Problem for com.polimi.fakePTS.tickets.UrbanTicket. Failed to add dependencies for class org.atmosphere.container.JettyCometSupport: java.lang.TypeNotPresentException: Type org.mortbay.util.ajax.Continuation not present
[sun.reflect.generics.factory.CoreReflectionFactory.makeNamedType(CoreReflectionFactory.java:117), sun.reflect.generics.visitor.Reifier.visitClassTypeSignature(Reifier.java:125), sun.reflect.generics.tree.ClassTypeSignature.accept(ClassTypeSignature.java:49), sun.reflect.generics.visitor.Reifier.reifyTypeArguments(Reifier.java:68), sun.reflect.generics.visitor.Reifier.visitClassTypeSignature(Reifier.java:138), sun.reflect.generics.tree.ClassTypeSignature.accept(ClassTypeSignature.java:49), sun.reflect.generics.repository.FieldRepository.getGenericType(FieldRepository.java:85), java.lang.reflect.Field.getGenericType(Field.java:247), java.lang.reflect.Field.toGenericString(Field.java:329), org.evosuite.setup.TestClusterUtils.getFields(TestClusterUtils.java:224), org.evosuite.setup.TestClusterGenerator.addDependencyClass(TestClusterGenerator.java:1007), org.evosuite.setup.TestClusterGenerator.resolveDependencies(TestClusterGenerator.java:358), org.evosuite.setup.TestClusterGenerator.addNewDependencies(TestClusterGenerator.java:164), org.evosuite.testcase.TestFactory.createObject(TestFactory.java:1257), org.evosuite.testcase.TestFactory.attemptGeneration(TestFactory.java:814), org.evosuite.testcase.TestFactory.createVariable(TestFactory.java:1401), org.evosuite.testcase.TestFactory.createOrReuseVariable(TestFactory.java:1346), org.evosuite.testcase.TestFactory.addMethod(TestFactory.java:513), org.evosuite.testcase.TestFactory.createObject(TestFactory.java:1276), org.evosuite.testcase.TestFactory.attemptGeneration(TestFactory.java:814), org.evosuite.testcase.TestFactory.createVariable(TestFactory.java:1401), org.evosuite.testcase.TestFactory.createOrReuseVariable(TestFactory.java:1346), org.evosuite.testcase.TestFactory.satisfyParameters(TestFactory.java:2320), org.evosuite.testcase.TestFactory.addMethod(TestFactory.java:531), org.evosuite.testcase.TestFactory.createObject(TestFactory.java:1276), org.evosuite.testcase.TestFactory.attemptGeneration(TestFactory.java:814), org.evosuite.testcase.TestFactory.createVariable(TestFactory.java:1401), org.evosuite.testcase.TestFactory.createOrReuseVariable(TestFactory.java:1346), org.evosuite.testcase.TestFactory.addFieldFor(TestFactory.java:472), org.evosuite.testcase.TestFactory.addCallFor(TestFactory.java:142), org.evosuite.testcase.TestFactory.insertRandomCallOnObjectAt(TestFactory.java:2264), org.evosuite.testcase.mutation.RandomInsertion.insertStatement(RandomInsertion.java:128), org.evosuite.testcase.TestFactory.insertRandomStatement(TestFactory.java:2276), org.evosuite.testcase.factories.RandomLengthTestFactory.getRandomTestCase(RandomLengthTestFactory.java:69), org.evosuite.testcase.factories.RandomLengthTestFactory.getChromosome(RandomLengthTestFactory.java:89), org.evosuite.testcase.factories.RandomLengthTestFactory.getChromosome(RandomLengthTestFactory.java:40), org.evosuite.coverage.archive.ArchiveTestChromosomeFactory.getChromosome(ArchiveTestChromosomeFactory.java:88), org.evosuite.coverage.archive.ArchiveTestChromosomeFactory.getChromosome(ArchiveTestChromosomeFactory.java:35), org.evosuite.testsuite.factories.TestSuiteChromosomeFactory.getChromosome(TestSuiteChromosomeFactory.java:84), org.evosuite.testsuite.factories.TestSuiteChromosomeFactory.getChromosome(TestSuiteChromosomeFactory.java:35), org.evosuite.ga.metaheuristics.GeneticAlgorithm.generateRandomPopulation(GeneticAlgorithm.java:425), org.evosuite.ga.metaheuristics.GeneticAlgorithm.generateInitialPopulation(GeneticAlgorithm.java:368), org.evosuite.ga.metaheuristics.MonotonicGA.initializePopulation(MonotonicGA.java:204), org.evosuite.ga.metaheuristics.MonotonicGA.generateSolution(MonotonicGA.java:223), org.evosuite.strategy.WholeTestSuiteStrategy.generateTests(WholeTestSuiteStrategy.java:113), org.evosuite.TestSuiteGenerator.generateTests(TestSuiteGenerator.java:653), org.evosuite.TestSuiteGenerator.generateTestSuite(TestSuiteGenerator.java:236), org.evosuite.rmi.service.ClientNodeImpl$1.run(ClientNodeImpl.java:145), java.util.concurrent.Executors$RunnableAdapter.call(Executors.java:511), java.util.concurrent.FutureTask.run(FutureTask.java:266), java.util.concurrent.ThreadPoolExecutor.runWorker(ThreadPoolExecutor.java:1142), java.util.concurrent.ThreadPoolExecutor$Worker.run(ThreadPoolExecutor.java:617), java.lang.Thread.run(Thread.java:748)]
[MASTER] 23:15:28.417 [pool-2-thread-1] ERROR TestClusterGenerator - Problem for com.polimi.fakePTS.tickets.UrbanTicket. Failed to add dependencies for class org.atmosphere.container.JettyCometSupport: java.lang.TypeNotPresentException: Type org.mortbay.util.ajax.Continuation not present
[sun.reflect.generics.factory.CoreReflectionFactory.makeNamedType(CoreReflectionFactory.java:117), sun.reflect.generics.visitor.Reifier.visitClassTypeSignature(Reifier.java:125), sun.reflect.generics.tree.ClassTypeSignature.accept(ClassTypeSignature.java:49), sun.reflect.generics.visitor.Reifier.reifyTypeArguments(Reifier.java:68), sun.reflect.generics.visitor.Reifier.visitClassTypeSignature(Reifier.java:138), sun.reflect.generics.tree.ClassTypeSignature.accept(ClassTypeSignature.java:49), sun.reflect.generics.repository.FieldRepository.getGenericType(FieldRepository.java:85), java.lang.reflect.Field.getGenericType(Field.java:247), java.lang.reflect.Field.toGenericString(Field.java:329), org.evosuite.setup.TestClusterUtils.getFields(TestClusterUtils.java:224), org.evosuite.setup.TestClusterGenerator.addDependencyClass(TestClusterGenerator.java:1007), org.evosuite.setup.TestClusterGenerator.resolveDependencies(TestClusterGenerator.java:358), org.evosuite.setup.TestClusterGenerator.addNewDependencies(TestClusterGenerator.java:164), org.evosuite.testcase.TestFactory.createObject(TestFactory.java:1255), org.evosuite.testcase.TestFactory.attemptGeneration(TestFactory.java:814), org.evosuite.testcase.TestFactory.createVariable(TestFactory.java:1401), org.evosuite.testcase.TestFactory.createOrReuseVariable(TestFactory.java:1346), org.evosuite.testcase.TestFactory.satisfyParameters(TestFactory.java:2320), org.evosuite.testcase.TestFactory.addMethod(TestFactory.java:531), org.evosuite.testcase.TestFactory.createObject(TestFactory.java:1276), org.evosuite.testcase.TestFactory.attemptGeneration(TestFactory.java:814), org.evosuite.testcase.TestFactory.createVariable(TestFactory.java:1401), org.evosuite.testcase.TestFactory.createOrReuseVariable(TestFactory.java:1346), org.evosuite.testcase.TestFactory.satisfyParameters(TestFactory.java:2320), org.evosuite.testcase.TestFactory.addMethod(TestFactory.java:531), org.evosuite.testcase.TestFactory.createObject(TestFactory.java:1276), org.evosuite.testcase.TestFactory.attemptGeneration(TestFactory.java:814), org.evosuite.testcase.TestFactory.createVariable(TestFactory.java:1401), org.evosuite.testcase.TestFactory.createOrReuseVariable(TestFactory.java:1346), org.evosuite.testcase.TestFactory.addFieldFor(TestFactory.java:472), org.evosuite.testcase.TestFactory.addCallFor(TestFactory.java:142), org.evosuite.testcase.TestFactory.insertRandomCallOnObjectAt(TestFactory.java:2264), org.evosuite.testcase.mutation.RandomInsertion.insertStatement(RandomInsertion.java:128), org.evosuite.testcase.TestFactory.insertRandomStatement(TestFactory.java:2276), org.evosuite.testcase.factories.RandomLengthTestFactory.getRandomTestCase(RandomLengthTestFactory.java:69), org.evosuite.testcase.factories.RandomLengthTestFactory.getChromosome(RandomLengthTestFactory.java:89), org.evosuite.testcase.factories.RandomLengthTestFactory.getChromosome(RandomLengthTestFactory.java:40), org.evosuite.coverage.archive.ArchiveTestChromosomeFactory.getChromosome(ArchiveTestChromosomeFactory.java:88), org.evosuite.coverage.archive.ArchiveTestChromosomeFactory.getChromosome(ArchiveTestChromosomeFactory.java:35), org.evosuite.testsuite.factories.TestSuiteChromosomeFactory.getChromosome(TestSuiteChromosomeFactory.java:84), org.evosuite.testsuite.factories.TestSuiteChromosomeFactory.getChromosome(TestSuiteChromosomeFactory.java:35), org.evosuite.ga.metaheuristics.GeneticAlgorithm.generateRandomPopulation(GeneticAlgorithm.java:425), org.evosuite.ga.metaheuristics.GeneticAlgorithm.generateInitialPopulation(GeneticAlgorithm.java:368), org.evosuite.ga.metaheuristics.MonotonicGA.initializePopulation(MonotonicGA.java:204), org.evosuite.ga.metaheuristics.MonotonicGA.generateSolution(MonotonicGA.java:223), org.evosuite.strategy.WholeTestSuiteStrategy.generateTests(WholeTestSuiteStrategy.java:113), org.evosuite.TestSuiteGenerator.generateTests(TestSuiteGenerator.java:653), org.evosuite.TestSuiteGenerator.generateTestSuite(TestSuiteGenerator.java:236), org.evosuite.rmi.service.ClientNodeImpl$1.run(ClientNodeImpl.java:145), java.util.concurrent.Executors$RunnableAdapter.call(Executors.java:511), java.util.concurrent.FutureTask.run(FutureTask.java:266), java.util.concurrent.ThreadPoolExecutor.runWorker(ThreadPoolExecutor.java:1142), java.util.concurrent.ThreadPoolExecutor$Worker.run(ThreadPoolExecutor.java:617), java.lang.Thread.run(Thread.java:748)]
[MASTER] 23:15:29.632 [pool-2-thread-1] ERROR TestClusterGenerator - Problem for com.polimi.fakePTS.tickets.UrbanTicket. Failed to add dependencies for class org.atmosphere.container.JettyCometSupport: java.lang.TypeNotPresentException: Type org.mortbay.util.ajax.Continuation not present
[sun.reflect.generics.factory.CoreReflectionFactory.makeNamedType(CoreReflectionFactory.java:117), sun.reflect.generics.visitor.Reifier.visitClassTypeSignature(Reifier.java:125), sun.reflect.generics.tree.ClassTypeSignature.accept(ClassTypeSignature.java:49), sun.reflect.generics.visitor.Reifier.reifyTypeArguments(Reifier.java:68), sun.reflect.generics.visitor.Reifier.visitClassTypeSignature(Reifier.java:138), sun.reflect.generics.tree.ClassTypeSignature.accept(ClassTypeSignature.java:49), sun.reflect.generics.repository.FieldRepository.getGenericType(FieldRepository.java:85), java.lang.reflect.Field.getGenericType(Field.java:247), java.lang.reflect.Field.toGenericString(Field.java:329), org.evosuite.setup.TestClusterUtils.getFields(TestClusterUtils.java:224), org.evosuite.setup.TestClusterGenerator.addDependencyClass(TestClusterGenerator.java:1007), org.evosuite.setup.TestClusterGenerator.resolveDependencies(TestClusterGenerator.java:358), org.evosuite.setup.TestClusterGenerator.addNewDependencies(TestClusterGenerator.java:164), org.evosuite.testcase.TestFactory.createObject(TestFactory.java:1257), org.evosuite.testcase.TestFactory.attemptGeneration(TestFactory.java:814), org.evosuite.testcase.TestFactory.createVariable(TestFactory.java:1401), org.evosuite.testcase.TestFactory.createOrReuseVariable(TestFactory.java:1346), org.evosuite.testcase.TestFactory.addMethod(TestFactory.java:513), org.evosuite.testcase.TestFactory.createObject(TestFactory.java:1276), org.evosuite.testcase.TestFactory.attemptGeneration(TestFactory.java:814), org.evosuite.testcase.TestFactory.createVariable(TestFactory.java:1401), org.evosuite.testcase.TestFactory.createOrReuseVariable(TestFactory.java:1346), org.evosuite.testcase.TestFactory.satisfyParameters(TestFactory.java:2320), org.evosuite.testcase.TestFactory.addMethod(TestFactory.java:531), org.evosuite.testcase.TestFactory.createObject(TestFactory.java:1276), org.evosuite.testcase.TestFactory.attemptGeneration(TestFactory.java:814), org.evosuite.testcase.TestFactory.createVariable(TestFactory.java:1401), org.evosuite.testcase.TestFactory.createOrReuseVariable(TestFactory.java:1346), org.evosuite.testcase.TestFactory.satisfyParameters(TestFactory.java:2320), org.evosuite.testcase.TestFactory.addMethodFor(TestFactory.java:579), org.evosuite.testcase.TestFactory.addCallFor(TestFactory.java:132), org.evosuite.testcase.TestFactory.insertRandomCallOnObjectAt(TestFactory.java:2264), org.evosuite.testcase.mutation.RandomInsertion.insertStatement(RandomInsertion.java:128), org.evosuite.testcase.TestFactory.insertRandomStatement(TestFactory.java:2276), org.evosuite.testcase.factories.RandomLengthTestFactory.getRandomTestCase(RandomLengthTestFactory.java:69), org.evosuite.testcase.factories.RandomLengthTestFactory.getChromosome(RandomLengthTestFactory.java:89), org.evosuite.testcase.factories.RandomLengthTestFactory.getChromosome(RandomLengthTestFactory.java:40), org.evosuite.coverage.archive.ArchiveTestChromosomeFactory.getChromosome(ArchiveTestChromosomeFactory.java:88), org.evosuite.coverage.archive.ArchiveTestChromosomeFactory.getChromosome(ArchiveTestChromosomeFactory.java:35), org.evosuite.testsuite.factories.TestSuiteChromosomeFactory.getChromosome(TestSuiteChromosomeFactory.java:84), org.evosuite.testsuite.factories.TestSuiteChromosomeFactory.getChromosome(TestSuiteChromosomeFactory.java:35), org.evosuite.ga.metaheuristics.GeneticAlgorithm.generateRandomPopulation(GeneticAlgorithm.java:425), org.evosuite.ga.metaheuristics.GeneticAlgorithm.generateInitialPopulation(GeneticAlgorithm.java:368), org.evosuite.ga.metaheuristics.MonotonicGA.initializePopulation(MonotonicGA.java:204), org.evosuite.ga.metaheuristics.MonotonicGA.generateSolution(MonotonicGA.java:223), org.evosuite.strategy.WholeTestSuiteStrategy.generateTests(WholeTestSuiteStrategy.java:113), org.evosuite.TestSuiteGenerator.generateTests(TestSuiteGenerator.java:653), org.evosuite.TestSuiteGenerator.generateTestSuite(TestSuiteGenerator.java:236), org.evosuite.rmi.service.ClientNodeImpl$1.run(ClientNodeImpl.java:145), java.util.concurrent.Executors$RunnableAdapter.call(Executors.java:511), java.util.concurrent.FutureTask.run(FutureTask.java:266), java.util.concurrent.ThreadPoolExecutor.runWorker(ThreadPoolExecutor.java:1142), java.util.concurrent.ThreadPoolExecutor$Worker.run(ThreadPoolExecutor.java:617), java.lang.Thread.run(Thread.java:748)]
[MASTER] 23:15:30.173 [pool-2-thread-1] ERROR TestCluster - Failed to check cache for java.lang.Enum<E> : Type points to itself
[MASTER] 23:15:30.186 [pool-2-thread-1] ERROR TestCluster - Failed to check cache for com.vaadin.ui.CheckBoxGroup<T> : Type points to itself
[MASTER] 23:15:30.192 [pool-2-thread-1] ERROR TestCluster - Failed to check cache for com.vaadin.ui.ComboBox<T> : Type points to itself
[MASTER] 23:15:30.215 [pool-2-thread-1] ERROR TestCluster - Failed to check cache for com.vaadin.ui.Grid<T> : Type points to itself
[MASTER] 23:15:30.228 [pool-2-thread-1] ERROR TestCluster - Failed to check cache for com.vaadin.ui.ListSelect<T> : Type points to itself
[MASTER] 23:15:30.234 [pool-2-thread-1] ERROR TestCluster - Failed to check cache for com.vaadin.ui.NativeSelect<T> : Type points to itself
[MASTER] 23:15:30.241 [pool-2-thread-1] ERROR TestCluster - Failed to check cache for com.vaadin.ui.RadioButtonGroup<T> : Type points to itself
[MASTER] 23:15:30.249 [pool-2-thread-1] ERROR TestCluster - Failed to check cache for com.vaadin.ui.Tree<T> : Type points to itself
[MASTER] 23:15:30.250 [pool-2-thread-1] ERROR TestCluster - Failed to check cache for com.vaadin.ui.TreeGrid<T> : Type points to itself
[MASTER] 23:15:30.250 [pool-2-thread-1] ERROR TestCluster - Failed to check cache for com.vaadin.ui.TwinColSelect<T> : Type points to itself
[MASTER] 23:15:30.851 [pool-2-thread-1] ERROR TestClusterGenerator - Problem for com.polimi.fakePTS.tickets.UrbanTicket. Failed to add dependencies for class org.atmosphere.container.JettyCometSupport: java.lang.TypeNotPresentException: Type org.mortbay.util.ajax.Continuation not present
[sun.reflect.generics.factory.CoreReflectionFactory.makeNamedType(CoreReflectionFactory.java:117), sun.reflect.generics.visitor.Reifier.visitClassTypeSignature(Reifier.java:125), sun.reflect.generics.tree.ClassTypeSignature.accept(ClassTypeSignature.java:49), sun.reflect.generics.visitor.Reifier.reifyTypeArguments(Reifier.java:68), sun.reflect.generics.visitor.Reifier.visitClassTypeSignature(Reifier.java:138), sun.reflect.generics.tree.ClassTypeSignature.accept(ClassTypeSignature.java:49), sun.reflect.generics.repository.FieldRepository.getGenericType(FieldRepository.java:85), java.lang.reflect.Field.getGenericType(Field.java:247), java.lang.reflect.Field.toGenericString(Field.java:329), org.evosuite.setup.TestClusterUtils.getFields(TestClusterUtils.java:224), org.evosuite.setup.TestClusterGenerator.addDependencyClass(TestClusterGenerator.java:1007), org.evosuite.setup.TestClusterGenerator.resolveDependencies(TestClusterGenerator.java:358), org.evosuite.setup.TestClusterGenerator.addNewDependencies(TestClusterGenerator.java:164), org.evosuite.testcase.TestFactory.createObject(TestFactory.java:1257), org.evosuite.testcase.TestFactory.attemptGeneration(TestFactory.java:814), org.evosuite.testcase.TestFactory.createVariable(TestFactory.java:1401), org.evosuite.testcase.TestFactory.createOrReuseVariable(TestFactory.java:1346), org.evosuite.testcase.TestFactory.addMethod(TestFactory.java:513), org.evosuite.testcase.TestFactory.createObject(TestFactory.java:1276), org.evosuite.testcase.TestFactory.attemptGeneration(TestFactory.java:814), org.evosuite.testcase.TestFactory.createVariable(TestFactory.java:1401), org.evosuite.testcase.TestFactory.createOrReuseVariable(TestFactory.java:1346), org.evosuite.testcase.TestFactory.satisfyParameters(TestFactory.java:2320), org.evosuite.testcase.TestFactory.addMethod(TestFactory.java:531), org.evosuite.testcase.TestFactory.createObject(TestFactory.java:1276), org.evosuite.testcase.TestFactory.attemptGeneration(TestFactory.java:814), org.evosuite.testcase.TestFactory.createVariable(TestFactory.java:1401), org.evosuite.testcase.TestFactory.createOrReuseVariable(TestFactory.java:1346), org.evosuite.testcase.TestFactory.satisfyParameters(TestFactory.java:2320), org.evosuite.testcase.TestFactory.addMethod(TestFactory.java:531), org.evosuite.testcase.TestFactory.createObject(TestFactory.java:1276), org.evosuite.testcase.TestFactory.attemptGeneration(TestFactory.java:814), org.evosuite.testcase.TestFactory.createVariable(TestFactory.java:1401), org.evosuite.testcase.TestFactory.createOrReuseVariable(TestFactory.java:1346), org.evosuite.testcase.TestFactory.addFieldFor(TestFactory.java:472), org.evosuite.testcase.TestFactory.addCallFor(TestFactory.java:142), org.evosuite.testcase.TestFactory.insertRandomCallOnObjectAt(TestFactory.java:2264), org.evosuite.testcase.mutation.RandomInsertion.insertStatement(RandomInsertion.java:128), org.evosuite.testcase.TestFactory.insertRandomStatement(TestFactory.java:2276), org.evosuite.testcase.factories.RandomLengthTestFactory.getRandomTestCase(RandomLengthTestFactory.java:69), org.evosuite.testcase.factories.RandomLengthTestFactory.getChromosome(RandomLengthTestFactory.java:89), org.evosuite.testcase.factories.RandomLengthTestFactory.getChromosome(RandomLengthTestFactory.java:40), org.evosuite.coverage.archive.ArchiveTestChromosomeFactory.getChromosome(ArchiveTestChromosomeFactory.java:88), org.evosuite.coverage.archive.ArchiveTestChromosomeFactory.getChromosome(ArchiveTestChromosomeFactory.java:35), org.evosuite.testsuite.factories.TestSuiteChromosomeFactory.getChromosome(TestSuiteChromosomeFactory.java:84), org.evosuite.testsuite.factories.TestSuiteChromosomeFactory.getChromosome(TestSuiteChromosomeFactory.java:35), org.evosuite.ga.metaheuristics.GeneticAlgorithm.generateRandomPopulation(GeneticAlgorithm.java:425), org.evosuite.ga.metaheuristics.GeneticAlgorithm.generateInitialPopulation(GeneticAlgorithm.java:368), org.evosuite.ga.metaheuristics.MonotonicGA.initializePopulation(MonotonicGA.java:204), org.evosuite.ga.metaheuristics.MonotonicGA.generateSolution(MonotonicGA.java:223), org.evosuite.strategy.WholeTestSuiteStrategy.generateTests(WholeTestSuiteStrategy.java:113), org.evosuite.TestSuiteGenerator.generateTests(TestSuiteGenerator.java:653), org.evosuite.TestSuiteGenerator.generateTestSuite(TestSuiteGenerator.java:236), org.evosuite.rmi.service.ClientNodeImpl$1.run(ClientNodeImpl.java:145), java.util.concurrent.Executors$RunnableAdapter.call(Executors.java:511), java.util.concurrent.FutureTask.run(FutureTask.java:266), java.util.concurrent.ThreadPoolExecutor.runWorker(ThreadPoolExecutor.java:1142), java.util.concurrent.ThreadPoolExecutor$Worker.run(ThreadPoolExecutor.java:617), java.lang.Thread.run(Thread.java:748)]
[MASTER] 23:15:32.193 [pool-2-thread-1] ERROR TestClusterGenerator - Problem for com.polimi.fakePTS.tickets.UrbanTicket. Failed to add dependencies for class org.atmosphere.container.JettyCometSupport: java.lang.TypeNotPresentException: Type org.mortbay.util.ajax.Continuation not present
[sun.reflect.generics.factory.CoreReflectionFactory.makeNamedType(CoreReflectionFactory.java:117), sun.reflect.generics.visitor.Reifier.visitClassTypeSignature(Reifier.java:125), sun.reflect.generics.tree.ClassTypeSignature.accept(ClassTypeSignature.java:49), sun.reflect.generics.visitor.Reifier.reifyTypeArguments(Reifier.java:68), sun.reflect.generics.visitor.Reifier.visitClassTypeSignature(Reifier.java:138), sun.reflect.generics.tree.ClassTypeSignature.accept(ClassTypeSignature.java:49), sun.reflect.generics.repository.FieldRepository.getGenericType(FieldRepository.java:85), java.lang.reflect.Field.getGenericType(Field.java:247), java.lang.reflect.Field.toGenericString(Field.java:329), org.evosuite.setup.TestClusterUtils.getFields(TestClusterUtils.java:224), org.evosuite.setup.TestClusterGenerator.addDependencyClass(TestClusterGenerator.java:1007), org.evosuite.setup.TestClusterGenerator.resolveDependencies(TestClusterGenerator.java:358), org.evosuite.setup.TestClusterGenerator.addNewDependencies(TestClusterGenerator.java:164), org.evosuite.testcase.TestFactory.createObject(TestFactory.java:1257), org.evosuite.testcase.TestFactory.attemptGeneration(TestFactory.java:814), org.evosuite.testcase.TestFactory.createVariable(TestFactory.java:1401), org.evosuite.testcase.TestFactory.createOrReuseVariable(TestFactory.java:1346), org.evosuite.testcase.TestFactory.addMethod(TestFactory.java:513), org.evosuite.testcase.TestFactory.createObject(TestFactory.java:1276), org.evosuite.testcase.TestFactory.attemptGeneration(TestFactory.java:814), org.evosuite.testcase.TestFactory.createVariable(TestFactory.java:1401), org.evosuite.testcase.TestFactory.createOrReuseVariable(TestFactory.java:1346), org.evosuite.testcase.TestFactory.satisfyParameters(TestFactory.java:2320), org.evosuite.testcase.TestFactory.addMethod(TestFactory.java:531), org.evosuite.testcase.TestFactory.createObject(TestFactory.java:1276), org.evosuite.testcase.TestFactory.attemptGeneration(TestFactory.java:814), org.evosuite.testcase.TestFactory.createVariable(TestFactory.java:1401), org.evosuite.testcase.TestFactory.createOrReuseVariable(TestFactory.java:1346), org.evosuite.testcase.TestFactory.satisfyParameters(TestFactory.java:2320), org.evosuite.testcase.TestFactory.addMethodFor(TestFactory.java:579), org.evosuite.testcase.TestFactory.addCallFor(TestFactory.java:132), org.evosuite.testcase.TestFactory.insertRandomCallOnObjectAt(TestFactory.java:2264), org.evosuite.testcase.mutation.RandomInsertion.insertStatement(RandomInsertion.java:128), org.evosuite.testcase.TestFactory.insertRandomStatement(TestFactory.java:2276), org.evosuite.testcase.factories.RandomLengthTestFactory.getRandomTestCase(RandomLengthTestFactory.java:69), org.evosuite.testcase.factories.RandomLengthTestFactory.getChromosome(RandomLengthTestFactory.java:89), org.evosuite.testcase.factories.RandomLengthTestFactory.getChromosome(RandomLengthTestFactory.java:40), org.evosuite.coverage.archive.ArchiveTestChromosomeFactory.getChromosome(ArchiveTestChromosomeFactory.java:88), org.evosuite.coverage.archive.ArchiveTestChromosomeFactory.getChromosome(ArchiveTestChromosomeFactory.java:35), org.evosuite.testsuite.factories.TestSuiteChromosomeFactory.getChromosome(TestSuiteChromosomeFactory.java:84), org.evosuite.testsuite.factories.TestSuiteChromosomeFactory.getChromosome(TestSuiteChromosomeFactory.java:35), org.evosuite.ga.metaheuristics.GeneticAlgorithm.generateRandomPopulation(GeneticAlgorithm.java:425), org.evosuite.ga.metaheuristics.GeneticAlgorithm.generateInitialPopulation(GeneticAlgorithm.java:368), org.evosuite.ga.metaheuristics.MonotonicGA.initializePopulation(MonotonicGA.java:204), org.evosuite.ga.metaheuristics.MonotonicGA.generateSolution(MonotonicGA.java:223), org.evosuite.strategy.WholeTestSuiteStrategy.generateTests(WholeTestSuiteStrategy.java:113), org.evosuite.TestSuiteGenerator.generateTests(TestSuiteGenerator.java:653), org.evosuite.TestSuiteGenerator.generateTestSuite(TestSuiteGenerator.java:236), org.evosuite.rmi.service.ClientNodeImpl$1.run(ClientNodeImpl.java:145), java.util.concurrent.Executors$RunnableAdapter.call(Executors.java:511), java.util.concurrent.FutureTask.run(FutureTask.java:266), java.util.concurrent.ThreadPoolExecutor.runWorker(ThreadPoolExecutor.java:1142), java.util.concurrent.ThreadPoolExecutor$Worker.run(ThreadPoolExecutor.java:617), java.lang.Thread.run(Thread.java:748)]
[MASTER] 23:15:33.319 [pool-2-thread-1] ERROR TestClusterGenerator - Problem for com.polimi.fakePTS.tickets.UrbanTicket. Failed to add dependencies for class org.atmosphere.container.JettyCometSupport: java.lang.TypeNotPresentException: Type org.mortbay.util.ajax.Continuation not present
[sun.reflect.generics.factory.CoreReflectionFactory.makeNamedType(CoreReflectionFactory.java:117), sun.reflect.generics.visitor.Reifier.visitClassTypeSignature(Reifier.java:125), sun.reflect.generics.tree.ClassTypeSignature.accept(ClassTypeSignature.java:49), sun.reflect.generics.visitor.Reifier.reifyTypeArguments(Reifier.java:68), sun.reflect.generics.visitor.Reifier.visitClassTypeSignature(Reifier.java:138), sun.reflect.generics.tree.ClassTypeSignature.accept(ClassTypeSignature.java:49), sun.reflect.generics.repository.FieldRepository.getGenericType(FieldRepository.java:85), java.lang.reflect.Field.getGenericType(Field.java:247), java.lang.reflect.Field.toGenericString(Field.java:329), org.evosuite.setup.TestClusterUtils.getFields(TestClusterUtils.java:224), org.evosuite.setup.TestClusterGenerator.addDependencyClass(TestClusterGenerator.java:1007), org.evosuite.setup.TestClusterGenerator.resolveDependencies(TestClusterGenerator.java:358), org.evosuite.setup.TestClusterGenerator.addNewDependencies(TestClusterGenerator.java:164), org.evosuite.testcase.TestFactory.createObject(TestFactory.java:1255), org.evosuite.testcase.TestFactory.attemptGeneration(TestFactory.java:814), org.evosuite.testcase.TestFactory.createVariable(TestFactory.java:1401), org.evosuite.testcase.TestFactory.createOrReuseVariable(TestFactory.java:1346), org.evosuite.testcase.TestFactory.satisfyParameters(TestFactory.java:2320), org.evosuite.testcase.TestFactory.addMethod(TestFactory.java:531), org.evosuite.testcase.TestFactory.createObject(TestFactory.java:1276), org.evosuite.testcase.TestFactory.attemptGeneration(TestFactory.java:814), org.evosuite.testcase.TestFactory.createVariable(TestFactory.java:1401), org.evosuite.testcase.TestFactory.createOrReuseVariable(TestFactory.java:1346), org.evosuite.testcase.TestFactory.satisfyParameters(TestFactory.java:2320), org.evosuite.testcase.TestFactory.addMethodFor(TestFactory.java:579), org.evosuite.testcase.TestFactory.addCallFor(TestFactory.java:132), org.evosuite.testcase.TestFactory.insertRandomCallOnObjectAt(TestFactory.java:2264), org.evosuite.testcase.mutation.RandomInsertion.insertStatement(RandomInsertion.java:128), org.evosuite.testcase.TestFactory.insertRandomStatement(TestFactory.java:2276), org.evosuite.testcase.factories.RandomLengthTestFactory.getRandomTestCase(RandomLengthTestFactory.java:69), org.evosuite.testcase.factories.RandomLengthTestFactory.getChromosome(RandomLengthTestFactory.java:89), org.evosuite.testcase.factories.RandomLengthTestFactory.getChromosome(RandomLengthTestFactory.java:40), org.evosuite.coverage.archive.ArchiveTestChromosomeFactory.getChromosome(ArchiveTestChromosomeFactory.java:88), org.evosuite.coverage.archive.ArchiveTestChromosomeFactory.getChromosome(ArchiveTestChromosomeFactory.java:35), org.evosuite.testsuite.factories.TestSuiteChromosomeFactory.getChromosome(TestSuiteChromosomeFactory.java:84), org.evosuite.testsuite.factories.TestSuiteChromosomeFactory.getChromosome(TestSuiteChromosomeFactory.java:35), org.evosuite.ga.metaheuristics.GeneticAlgorithm.generateRandomPopulation(GeneticAlgorithm.java:425), org.evosuite.ga.metaheuristics.GeneticAlgorithm.generateInitialPopulation(GeneticAlgorithm.java:368), org.evosuite.ga.metaheuristics.MonotonicGA.initializePopulation(MonotonicGA.java:204), org.evosuite.ga.metaheuristics.MonotonicGA.generateSolution(MonotonicGA.java:223), org.evosuite.strategy.WholeTestSuiteStrategy.generateTests(WholeTestSuiteStrategy.java:113), org.evosuite.TestSuiteGenerator.generateTests(TestSuiteGenerator.java:653), org.evosuite.TestSuiteGenerator.generateTestSuite(TestSuiteGenerator.java:236), org.evosuite.rmi.service.ClientNodeImpl$1.run(ClientNodeImpl.java:145), java.util.concurrent.Executors$RunnableAdapter.call(Executors.java:511), java.util.concurrent.FutureTask.run(FutureTask.java:266), java.util.concurrent.ThreadPoolExecutor.runWorker(ThreadPoolExecutor.java:1142), java.util.concurrent.ThreadPoolExecutor$Worker.run(ThreadPoolExecutor.java:617), java.lang.Thread.run(Thread.java:748)]
[MASTER] 23:15:33.896 [pool-2-thread-1] ERROR TestCluster - Failed to check cache for java.time.temporal.TemporalQuery<R> : Type points to itself
[MASTER] 23:15:37.735 [pool-2-thread-1] ERROR TestClusterGenerator - Problem for com.polimi.fakePTS.tickets.UrbanTicket. Failed to add dependencies for class org.atmosphere.container.JettyCometSupport: java.lang.TypeNotPresentException: Type org.mortbay.util.ajax.Continuation not present
[sun.reflect.generics.factory.CoreReflectionFactory.makeNamedType(CoreReflectionFactory.java:117), sun.reflect.generics.visitor.Reifier.visitClassTypeSignature(Reifier.java:125), sun.reflect.generics.tree.ClassTypeSignature.accept(ClassTypeSignature.java:49), sun.reflect.generics.visitor.Reifier.reifyTypeArguments(Reifier.java:68), sun.reflect.generics.visitor.Reifier.visitClassTypeSignature(Reifier.java:138), sun.reflect.generics.tree.ClassTypeSignature.accept(ClassTypeSignature.java:49), sun.reflect.generics.repository.FieldRepository.getGenericType(FieldRepository.java:85), java.lang.reflect.Field.getGenericType(Field.java:247), java.lang.reflect.Field.toGenericString(Field.java:329), org.evosuite.setup.TestClusterUtils.getFields(TestClusterUtils.java:224), org.evosuite.setup.TestClusterGenerator.addDependencyClass(TestClusterGenerator.java:1007), org.evosuite.setup.TestClusterGenerator.resolveDependencies(TestClusterGenerator.java:358), org.evosuite.setup.TestClusterGenerator.addNewDependencies(TestClusterGenerator.java:164), org.evosuite.testcase.TestFactory.createObject(TestFactory.java:1255), org.evosuite.testcase.TestFactory.attemptGeneration(TestFactory.java:814), org.evosuite.testcase.TestFactory.createVariable(TestFactory.java:1401), org.evosuite.testcase.TestFactory.createOrReuseVariable(TestFactory.java:1346), org.evosuite.testcase.TestFactory.satisfyParameters(TestFactory.java:2320), org.evosuite.testcase.TestFactory.addMethod(TestFactory.java:531), org.evosuite.testcase.TestFactory.createObject(TestFactory.java:1276), org.evosuite.testcase.TestFactory.attemptGeneration(TestFactory.java:814), org.evosuite.testcase.TestFactory.createVariable(TestFactory.java:1401), org.evosuite.testcase.TestFactory.createOrReuseVariable(TestFactory.java:1346), org.evosuite.testcase.TestFactory.satisfyParameters(TestFactory.java:2320), org.evosuite.testcase.TestFactory.addMethodFor(TestFactory.java:579), org.evosuite.testcase.TestFactory.addCallFor(TestFactory.java:132), org.evosuite.testcase.TestFactory.insertRandomCallOnObjectAt(TestFactory.java:2264), org.evosuite.testcase.mutation.RandomInsertion.insertStatement(RandomInsertion.java:128), org.evosuite.testcase.TestFactory.insertRandomStatement(TestFactory.java:2276), org.evosuite.testcase.factories.RandomLengthTestFactory.getRandomTestCase(RandomLengthTestFactory.java:69), org.evosuite.testcase.factories.RandomLengthTestFactory.getChromosome(RandomLengthTestFactory.java:89), org.evosuite.testcase.factories.RandomLengthTestFactory.getChromosome(RandomLengthTestFactory.java:40), org.evosuite.coverage.archive.ArchiveTestChromosomeFactory.getChromosome(ArchiveTestChromosomeFactory.java:88), org.evosuite.coverage.archive.ArchiveTestChromosomeFactory.getChromosome(ArchiveTestChromosomeFactory.java:35), org.evosuite.testsuite.AbstractTestSuiteChromosome.mutate(AbstractTestSuiteChromosome.java:219), org.evosuite.testsuite.TestSuiteChromosome.mutate(TestSuiteChromosome.java:264), org.evosuite.ga.metaheuristics.MonotonicGA.evolve(MonotonicGA.java:127), org.evosuite.ga.metaheuristics.MonotonicGA.generateSolution(MonotonicGA.java:245), org.evosuite.strategy.WholeTestSuiteStrategy.generateTests(WholeTestSuiteStrategy.java:113), org.evosuite.TestSuiteGenerator.generateTests(TestSuiteGenerator.java:653), org.evosuite.TestSuiteGenerator.generateTestSuite(TestSuiteGenerator.java:236), org.evosuite.rmi.service.ClientNodeImpl$1.run(ClientNodeImpl.java:145), java.util.concurrent.Executors$RunnableAdapter.call(Executors.java:511), java.util.concurrent.FutureTask.run(FutureTask.java:266), java.util.concurrent.ThreadPoolExecutor.runWorker(ThreadPoolExecutor.java:1142), java.util.concurrent.ThreadPoolExecutor$Worker.run(ThreadPoolExecutor.java:617), java.lang.Thread.run(Thread.java:748)]
[MASTER] 23:15:41.881 [pool-2-thread-1] ERROR TestClusterGenerator - Problem for com.polimi.fakePTS.tickets.UrbanTicket. Failed to add dependencies for class org.atmosphere.container.JettyCometSupport: java.lang.TypeNotPresentException: Type org.mortbay.util.ajax.Continuation not present
[sun.reflect.generics.factory.CoreReflectionFactory.makeNamedType(CoreReflectionFactory.java:117), sun.reflect.generics.visitor.Reifier.visitClassTypeSignature(Reifier.java:125), sun.reflect.generics.tree.ClassTypeSignature.accept(ClassTypeSignature.java:49), sun.reflect.generics.visitor.Reifier.reifyTypeArguments(Reifier.java:68), sun.reflect.generics.visitor.Reifier.visitClassTypeSignature(Reifier.java:138), sun.reflect.generics.tree.ClassTypeSignature.accept(ClassTypeSignature.java:49), sun.reflect.generics.repository.FieldRepository.getGenericType(FieldRepository.java:85), java.lang.reflect.Field.getGenericType(Field.java:247), java.lang.reflect.Field.toGenericString(Field.java:329), org.evosuite.setup.TestClusterUtils.getFields(TestClusterUtils.java:224), org.evosuite.setup.TestClusterGenerator.addDependencyClass(TestClusterGenerator.java:1007), org.evosuite.setup.TestClusterGenerator.resolveDependencies(TestClusterGenerator.java:358), org.evosuite.setup.TestClusterGenerator.addNewDependencies(TestClusterGenerator.java:164), org.evosuite.testcase.TestFactory.createObject(TestFactory.java:1255), org.evosuite.testcase.TestFactory.attemptGeneration(TestFactory.java:814), org.evosuite.testcase.TestFactory.createVariable(TestFactory.java:1401), org.evosuite.testcase.TestFactory.createOrReuseVariable(TestFactory.java:1346), org.evosuite.testcase.TestFactory.satisfyParameters(TestFactory.java:2320), org.evosuite.testcase.TestFactory.addMethod(TestFactory.java:531), org.evosuite.testcase.TestFactory.createObject(TestFactory.java:1276), org.evosuite.testcase.TestFactory.attemptGeneration(TestFactory.java:814), org.evosuite.testcase.TestFactory.createVariable(TestFactory.java:1401), org.evosuite.testcase.TestFactory.createOrReuseVariable(TestFactory.java:1346), org.evosuite.testcase.TestFactory.satisfyParameters(TestFactory.java:2320), org.evosuite.testcase.TestFactory.addMethod(TestFactory.java:531), org.evosuite.testcase.TestFactory.createObject(TestFactory.java:1276), org.evosuite.testcase.TestFactory.attemptGeneration(TestFactory.java:814), org.evosuite.testcase.TestFactory.createVariable(TestFactory.java:1401), org.evosuite.testcase.TestFactory.createOrReuseVariable(TestFactory.java:1346), org.evosuite.testcase.TestFactory.satisfyParameters(TestFactory.java:2320), org.evosuite.testcase.TestFactory.addMethod(TestFactory.java:531), org.evosuite.testcase.TestFactory.createObject(TestFactory.java:1276), org.evosuite.testcase.TestFactory.attemptGeneration(TestFactory.java:814), org.evosuite.testcase.TestFactory.createVariable(TestFactory.java:1401), org.evosuite.testcase.TestFactory.createOrReuseVariable(TestFactory.java:1346), org.evosuite.testcase.TestFactory.addFieldFor(TestFactory.java:472), org.evosuite.testcase.TestFactory.addCallFor(TestFactory.java:142), org.evosuite.testcase.TestFactory.insertRandomCallOnObjectAt(TestFactory.java:2264), org.evosuite.testcase.mutation.RandomInsertion.insertStatement(RandomInsertion.java:128), org.evosuite.testcase.TestFactory.insertRandomStatement(TestFactory.java:2276), org.evosuite.testcase.TestChromosome.mutationInsert(TestChromosome.java:549), org.evosuite.testcase.TestChromosome.mutate(TestChromosome.java:324), org.evosuite.testsuite.AbstractTestSuiteChromosome.mutate(AbstractTestSuiteChromosome.java:208), org.evosuite.testsuite.TestSuiteChromosome.mutate(TestSuiteChromosome.java:264), org.evosuite.ga.metaheuristics.MonotonicGA.evolve(MonotonicGA.java:127), org.evosuite.ga.metaheuristics.MonotonicGA.generateSolution(MonotonicGA.java:245), org.evosuite.strategy.WholeTestSuiteStrategy.generateTests(WholeTestSuiteStrategy.java:113), org.evosuite.TestSuiteGenerator.generateTests(TestSuiteGenerator.java:653), org.evosuite.TestSuiteGenerator.generateTestSuite(TestSuiteGenerator.java:236), org.evosuite.rmi.service.ClientNodeImpl$1.run(ClientNodeImpl.java:145), java.util.concurrent.Executors$RunnableAdapter.call(Executors.java:511), java.util.concurrent.FutureTask.run(FutureTask.java:266), java.util.concurrent.ThreadPoolExecutor.runWorker(ThreadPoolExecutor.java:1142), java.util.concurrent.ThreadPoolExecutor$Worker.run(ThreadPoolExecutor.java:617), java.lang.Thread.run(Thread.java:748)]
[MASTER] 23:15:42.899 [pool-2-thread-1] ERROR TestClusterGenerator - Problem for com.polimi.fakePTS.tickets.UrbanTicket. Failed to add dependencies for class org.atmosphere.container.JettyCometSupport: java.lang.TypeNotPresentException: Type org.mortbay.util.ajax.Continuation not present
[sun.reflect.generics.factory.CoreReflectionFactory.makeNamedType(CoreReflectionFactory.java:117), sun.reflect.generics.visitor.Reifier.visitClassTypeSignature(Reifier.java:125), sun.reflect.generics.tree.ClassTypeSignature.accept(ClassTypeSignature.java:49), sun.reflect.generics.visitor.Reifier.reifyTypeArguments(Reifier.java:68), sun.reflect.generics.visitor.Reifier.visitClassTypeSignature(Reifier.java:138), sun.reflect.generics.tree.ClassTypeSignature.accept(ClassTypeSignature.java:49), sun.reflect.generics.repository.FieldRepository.getGenericType(FieldRepository.java:85), java.lang.reflect.Field.getGenericType(Field.java:247), java.lang.reflect.Field.toGenericString(Field.java:329), org.evosuite.setup.TestClusterUtils.getFields(TestClusterUtils.java:224), org.evosuite.setup.TestClusterGenerator.addDependencyClass(TestClusterGenerator.java:1007), org.evosuite.setup.TestClusterGenerator.resolveDependencies(TestClusterGenerator.java:358), org.evosuite.setup.TestClusterGenerator.addNewDependencies(TestClusterGenerator.java:164), org.evosuite.testcase.TestFactory.createObject(TestFactory.java:1257), org.evosuite.testcase.TestFactory.attemptGeneration(TestFactory.java:814), org.evosuite.testcase.TestFactory.createVariable(TestFactory.java:1401), org.evosuite.testcase.TestFactory.createOrReuseVariable(TestFactory.java:1346), org.evosuite.testcase.TestFactory.addMethod(TestFactory.java:513), org.evosuite.testcase.TestFactory.createObject(TestFactory.java:1276), org.evosuite.testcase.TestFactory.attemptGeneration(TestFactory.java:814), org.evosuite.testcase.TestFactory.createVariable(TestFactory.java:1401), org.evosuite.testcase.TestFactory.createOrReuseVariable(TestFactory.java:1346), org.evosuite.testcase.TestFactory.satisfyParameters(TestFactory.java:2320), org.evosuite.testcase.TestFactory.addConstructor(TestFactory.java:224), org.evosuite.testcase.TestFactory.createObject(TestFactory.java:1290), org.evosuite.testcase.TestFactory.attemptGeneration(TestFactory.java:814), org.evosuite.testcase.TestFactory.createVariable(TestFactory.java:1401), org.evosuite.testcase.TestFactory.createOrReuseVariable(TestFactory.java:1346), org.evosuite.testcase.TestFactory.satisfyParameters(TestFactory.java:2320), org.evosuite.testcase.TestFactory.addMethodFor(TestFactory.java:579), org.evosuite.testcase.TestFactory.addCallFor(TestFactory.java:132), org.evosuite.testcase.TestFactory.insertRandomCallOnObjectAt(TestFactory.java:2264), org.evosuite.testcase.mutation.RandomInsertion.insertStatement(RandomInsertion.java:128), org.evosuite.testcase.TestFactory.insertRandomStatement(TestFactory.java:2276), org.evosuite.testcase.factories.RandomLengthTestFactory.getRandomTestCase(RandomLengthTestFactory.java:69), org.evosuite.testcase.factories.RandomLengthTestFactory.getChromosome(RandomLengthTestFactory.java:89), org.evosuite.testcase.factories.RandomLengthTestFactory.getChromosome(RandomLengthTestFactory.java:40), org.evosuite.coverage.archive.ArchiveTestChromosomeFactory.getChromosome(ArchiveTestChromosomeFactory.java:88), org.evosuite.coverage.archive.ArchiveTestChromosomeFactory.getChromosome(ArchiveTestChromosomeFactory.java:35), org.evosuite.testsuite.AbstractTestSuiteChromosome.mutate(AbstractTestSuiteChromosome.java:219), org.evosuite.testsuite.TestSuiteChromosome.mutate(TestSuiteChromosome.java:264), org.evosuite.ga.metaheuristics.MonotonicGA.evolve(MonotonicGA.java:125), org.evosuite.ga.metaheuristics.MonotonicGA.generateSolution(MonotonicGA.java:245), org.evosuite.strategy.WholeTestSuiteStrategy.generateTests(WholeTestSuiteStrategy.java:113), org.evosuite.TestSuiteGenerator.generateTests(TestSuiteGenerator.java:653), org.evosuite.TestSuiteGenerator.generateTestSuite(TestSuiteGenerator.java:236), org.evosuite.rmi.service.ClientNodeImpl$1.run(ClientNodeImpl.java:145), java.util.concurrent.Executors$RunnableAdapter.call(Executors.java:511), java.util.concurrent.FutureTask.run(FutureTask.java:266), java.util.concurrent.ThreadPoolExecutor.runWorker(ThreadPoolExecutor.java:1142), java.util.concurrent.ThreadPoolExecutor$Worker.run(ThreadPoolExecutor.java:617), java.lang.Thread.run(Thread.java:748)]
[MASTER] 23:15:47.700 [pool-2-thread-1] ERROR TestClusterGenerator - Problem for com.polimi.fakePTS.tickets.UrbanTicket. Failed to add dependencies for class org.atmosphere.container.JettyCometSupport: java.lang.TypeNotPresentException: Type org.mortbay.util.ajax.Continuation not present
[sun.reflect.generics.factory.CoreReflectionFactory.makeNamedType(CoreReflectionFactory.java:117), sun.reflect.generics.visitor.Reifier.visitClassTypeSignature(Reifier.java:125), sun.reflect.generics.tree.ClassTypeSignature.accept(ClassTypeSignature.java:49), sun.reflect.generics.visitor.Reifier.reifyTypeArguments(Reifier.java:68), sun.reflect.generics.visitor.Reifier.visitClassTypeSignature(Reifier.java:138), sun.reflect.generics.tree.ClassTypeSignature.accept(ClassTypeSignature.java:49), sun.reflect.generics.repository.FieldRepository.getGenericType(FieldRepository.java:85), java.lang.reflect.Field.getGenericType(Field.java:247), java.lang.reflect.Field.toGenericString(Field.java:329), org.evosuite.setup.TestClusterUtils.getFields(TestClusterUtils.java:224), org.evosuite.setup.TestClusterGenerator.addDependencyClass(TestClusterGenerator.java:1007), org.evosuite.setup.TestClusterGenerator.resolveDependencies(TestClusterGenerator.java:358), org.evosuite.setup.TestClusterGenerator.addNewDependencies(TestClusterGenerator.java:164), org.evosuite.testcase.TestFactory.createObject(TestFactory.java:1257), org.evosuite.testcase.TestFactory.attemptGeneration(TestFactory.java:814), org.evosuite.testcase.TestFactory.createVariable(TestFactory.java:1401), org.evosuite.testcase.TestFactory.createOrReuseVariable(TestFactory.java:1346), org.evosuite.testcase.TestFactory.addMethod(TestFactory.java:513), org.evosuite.testcase.TestFactory.createObject(TestFactory.java:1276), org.evosuite.testcase.TestFactory.attemptGeneration(TestFactory.java:814), org.evosuite.testcase.TestFactory.createVariable(TestFactory.java:1401), org.evosuite.testcase.TestFactory.createOrReuseVariable(TestFactory.java:1346), org.evosuite.testcase.TestFactory.satisfyParameters(TestFactory.java:2320), org.evosuite.testcase.TestFactory.addMethod(TestFactory.java:531), org.evosuite.testcase.TestFactory.createObject(TestFactory.java:1276), org.evosuite.testcase.TestFactory.attemptGeneration(TestFactory.java:814), org.evosuite.testcase.TestFactory.createVariable(TestFactory.java:1401), org.evosuite.testcase.TestFactory.createOrReuseVariable(TestFactory.java:1346), org.evosuite.testcase.TestFactory.satisfyParameters(TestFactory.java:2320), org.evosuite.testcase.TestFactory.addMethodFor(TestFactory.java:579), org.evosuite.testcase.TestFactory.addCallFor(TestFactory.java:132), org.evosuite.testcase.TestFactory.insertRandomCallOnObjectAt(TestFactory.java:2264), org.evosuite.testcase.mutation.RandomInsertion.insertStatement(RandomInsertion.java:128), org.evosuite.testcase.TestFactory.insertRandomStatement(TestFactory.java:2276), org.evosuite.testcase.TestChromosome.mutationInsert(TestChromosome.java:549), org.evosuite.testcase.TestChromosome.mutate(TestChromosome.java:324), org.evosuite.testsuite.AbstractTestSuiteChromosome.mutate(AbstractTestSuiteChromosome.java:208), org.evosuite.testsuite.TestSuiteChromosome.mutate(TestSuiteChromosome.java:264), org.evosuite.ga.metaheuristics.MonotonicGA.evolve(MonotonicGA.java:125), org.evosuite.ga.metaheuristics.MonotonicGA.generateSolution(MonotonicGA.java:245), org.evosuite.strategy.WholeTestSuiteStrategy.generateTests(WholeTestSuiteStrategy.java:113), org.evosuite.TestSuiteGenerator.generateTests(TestSuiteGenerator.java:653), org.evosuite.TestSuiteGenerator.generateTestSuite(TestSuiteGenerator.java:236), org.evosuite.rmi.service.ClientNodeImpl$1.run(ClientNodeImpl.java:145), java.util.concurrent.Executors$RunnableAdapter.call(Executors.java:511), java.util.concurrent.FutureTask.run(FutureTask.java:266), java.util.concurrent.ThreadPoolExecutor.runWorker(ThreadPoolExecutor.java:1142), java.util.concurrent.ThreadPoolExecutor$Worker.run(ThreadPoolExecutor.java:617), java.lang.Thread.run(Thread.java:748)]
