# JRE version: Java(TM) SE Runtime Environment (8.0_151-b12) (build 1.8.0_151-b12)
# Java VM: Java HotSpot(TM) 64-Bit Server VM (25.151-b12 mixed mode linux-amd64 compressed oops)
Heap:
 PSYoungGen      total 232960K, used 0K [0x00000000eab00000, 0x0000000100000000, 0x0000000100000000)
  eden space 116736K, 0% used [0x00000000eab00000,0x00000000eab00000,0x00000000f1d00000)
  from space 116224K, 0% used [0x00000000f1d00000,0x00000000f1d00000,0x00000000f8e80000)
  to   space 116224K, 0% used [0x00000000f8e80000,0x00000000f8e80000,0x0000000100000000)
 ParOldGen       total 483840K, used 359017K [0x00000000c0000000, 0x00000000dd880000, 0x00000000eab00000)
  object space 483840K, 74% used [0x00000000c0000000,0x00000000d5e9a7f8,0x00000000dd880000)
 Metaspace       used 23686K, capacity 24292K, committed 24576K, reserved 1071104K
  class space    used 2312K, capacity 2452K, committed 2560K, reserved 1048576K
GC Heap History (10 events):
Event: 26,196 GC heap after
Heap after GC invocations=25 (full 4):
 PSYoungGen      total 239616K, used 55298K [0x00000000eab00000, 0x0000000100000000, 0x0000000100000000)
  eden space 140288K, 0% used [0x00000000eab00000,0x00000000eab00000,0x00000000f3400000)
  from space 99328K, 55% used [0x00000000f3400000,0x00000000f6a00bc0,0x00000000f9500000)
  to   space 98304K, 0% used [0x00000000fa000000,0x00000000fa000000,0x0000000100000000)
 ParOldGen       total 483840K, used 296746K [0x00000000c0000000, 0x00000000dd880000, 0x00000000eab00000)
  object space 483840K, 61% used [0x00000000c0000000,0x00000000d21caa30,0x00000000dd880000)
 Metaspace       used 23591K, capacity 24158K, committed 24320K, reserved 1071104K
  class space    used 2311K, capacity 2451K, committed 2560K, reserved 1048576K
}
Event: 26,979 GC heap before
{Heap before GC invocations=26 (full 4):
 PSYoungGen      total 239616K, used 195586K [0x00000000eab00000, 0x0000000100000000, 0x0000000100000000)
  eden space 140288K, 100% used [0x00000000eab00000,0x00000000f3400000,0x00000000f3400000)
  from space 99328K, 55% used [0x00000000f3400000,0x00000000f6a00bc0,0x00000000f9500000)
  to   space 98304K, 0% used [0x00000000fa000000,0x00000000fa000000,0x0000000100000000)
 ParOldGen       total 483840K, used 296746K [0x00000000c0000000, 0x00000000dd880000, 0x00000000eab00000)
  object space 483840K, 61% used [0x00000000c0000000,0x00000000d21caa30,0x00000000dd880000)
 Metaspace       used 23630K, capacity 24222K, committed 24576K, reserved 1071104K
  class space    used 2311K, capacity 2451K, committed 2560K, reserved 1048576K
Event: 27,024 GC heap after
Heap after GC invocations=26 (full 4):
 PSYoungGen      total 234496K, used 80729K [0x00000000eab00000, 0x0000000100000000, 0x0000000100000000)
  eden space 136192K, 0% used [0x00000000eab00000,0x00000000eab00000,0x00000000f3000000)
  from space 98304K, 82% used [0x00000000fa000000,0x00000000feed6448,0x0000000100000000)
  to   space 106496K, 0% used [0x00000000f3000000,0x00000000f3000000,0x00000000f9800000)
 ParOldGen       total 483840K, used 296746K [0x00000000c0000000, 0x00000000dd880000, 0x00000000eab00000)
  object space 483840K, 61% used [0x00000000c0000000,0x00000000d21caa30,0x00000000dd880000)
 Metaspace       used 23630K, capacity 24222K, committed 24576K, reserved 1071104K
  class space    used 2311K, capacity 2451K, committed 2560K, reserved 1048576K
}
Event: 27,581 GC heap before
{Heap before GC invocations=27 (full 4):
 PSYoungGen      total 234496K, used 216921K [0x00000000eab00000, 0x0000000100000000, 0x0000000100000000)
  eden space 136192K, 100% used [0x00000000eab00000,0x00000000f3000000,0x00000000f3000000)
  from space 98304K, 82% used [0x00000000fa000000,0x00000000feed6448,0x0000000100000000)
  to   space 106496K, 0% used [0x00000000f3000000,0x00000000f3000000,0x00000000f9800000)
 ParOldGen       total 483840K, used 296746K [0x00000000c0000000, 0x00000000dd880000, 0x00000000eab00000)
  object space 483840K, 61% used [0x00000000c0000000,0x00000000d21caa30,0x00000000dd880000)
 Metaspace       used 23661K, capacity 24228K, committed 24576K, reserved 1071104K
  class space    used 2312K, capacity 2452K, committed 2560K, reserved 1048576K
Event: 27,646 GC heap after
Heap after GC invocations=27 (full 4):
 PSYoungGen      total 241664K, used 105417K [0x00000000eab00000, 0x0000000100000000, 0x0000000100000000)
  eden space 136192K, 0% used [0x00000000eab00000,0x00000000eab00000,0x00000000f3000000)
  from space 105472K, 99% used [0x00000000f3000000,0x00000000f96f2750,0x00000000f9700000)
  to   space 107520K, 0% used [0x00000000f9700000,0x00000000f9700000,0x0000000100000000)
 ParOldGen       total 483840K, used 296746K [0x00000000c0000000, 0x00000000dd880000, 0x00000000eab00000)
  object space 483840K, 61% used [0x00000000c0000000,0x00000000d21caa30,0x00000000dd880000)
 Metaspace       used 23661K, capacity 24228K, committed 24576K, reserved 1071104K
  class space    used 2312K, capacity 2452K, committed 2560K, reserved 1048576K
}
Event: 28,247 GC heap before
{Heap before GC invocations=28 (full 4):
 PSYoungGen      total 241664K, used 241609K [0x00000000eab00000, 0x0000000100000000, 0x0000000100000000)
  eden space 136192K, 100% used [0x00000000eab00000,0x00000000f3000000,0x00000000f3000000)
  from space 105472K, 99% used [0x00000000f3000000,0x00000000f96f2750,0x00000000f9700000)
  to   space 107520K, 0% used [0x00000000f9700000,0x00000000f9700000,0x0000000100000000)
 ParOldGen       total 483840K, used 296746K [0x00000000c0000000, 0x00000000dd880000, 0x00000000eab00000)
  object space 483840K, 61% used [0x00000000c0000000,0x00000000d21caa30,0x00000000dd880000)
 Metaspace       used 23679K, capacity 24292K, committed 24576K, reserved 1071104K
  class space    used 2312K, capacity 2452K, committed 2560K, reserved 1048576K
Event: 28,345 GC heap after
Heap after GC invocations=28 (full 4):
 PSYoungGen      total 224256K, used 77051K [0x00000000eab00000, 0x0000000100000000, 0x0000000100000000)
  eden space 116736K, 0% used [0x00000000eab00000,0x00000000eab00000,0x00000000f1d00000)
  from space 107520K, 71% used [0x00000000f9700000,0x00000000fe23ec28,0x0000000100000000)
  to   space 116224K, 0% used [0x00000000f1d00000,0x00000000f1d00000,0x00000000f8e80000)
 ParOldGen       total 483840K, used 355407K [0x00000000c0000000, 0x00000000dd880000, 0x00000000eab00000)
  object space 483840K, 73% used [0x00000000c0000000,0x00000000d5b13d68,0x00000000dd880000)
 Metaspace       used 23679K, capacity 24292K, committed 24576K, reserved 1071104K
  class space    used 2312K, capacity 2452K, committed 2560K, reserved 1048576K
}
Event: 28,696 GC heap before
{Heap before GC invocations=29 (full 4):
 PSYoungGen      total 224256K, used 193787K [0x00000000eab00000, 0x0000000100000000, 0x0000000100000000)
  eden space 116736K, 100% used [0x00000000eab00000,0x00000000f1d00000,0x00000000f1d00000)
  from space 107520K, 71% used [0x00000000f9700000,0x00000000fe23ec28,0x0000000100000000)
  to   space 116224K, 0% used [0x00000000f1d00000,0x00000000f1d00000,0x00000000f8e80000)
 ParOldGen       total 483840K, used 355407K [0x00000000c0000000, 0x00000000dd880000, 0x00000000eab00000)
  object space 483840K, 73% used [0x00000000c0000000,0x00000000d5b13d68,0x00000000dd880000)
 Metaspace       used 23686K, capacity 24292K, committed 24576K, reserved 1071104K
  class space    used 2312K, capacity 2452K, committed 2560K, reserved 1048576K
Event: 31,718 GC heap after
Heap after GC invocations=29 (full 4):
 PSYoungGen      total 232960K, used 49027K [0x00000000eab00000, 0x0000000100000000, 0x0000000100000000)
  eden space 116736K, 0% used [0x00000000eab00000,0x00000000eab00000,0x00000000f1d00000)
  from space 116224K, 42% used [0x00000000f1d00000,0x00000000f4ce0d90,0x00000000f8e80000)
  to   space 116224K, 0% used [0x00000000f8e80000,0x00000000f8e80000,0x0000000100000000)
 ParOldGen       total 483840K, used 408544K [0x00000000c0000000, 0x00000000dd880000, 0x00000000eab00000)
  object space 483840K, 84% used [0x00000000c0000000,0x00000000d8ef8188,0x00000000dd880000)
 Metaspace       used 23686K, capacity 24292K, committed 24576K, reserved 1071104K
  class space    used 2312K, capacity 2452K, committed 2560K, reserved 1048576K
}
Event: 32,997 GC heap before
{Heap before GC invocations=30 (full 5):
 PSYoungGen      total 232960K, used 49027K [0x00000000eab00000, 0x0000000100000000, 0x0000000100000000)
  eden space 116736K, 0% used [0x00000000eab00000,0x00000000eab00000,0x00000000f1d00000)
  from space 116224K, 42% used [0x00000000f1d00000,0x00000000f4ce0d90,0x00000000f8e80000)
  to   space 116224K, 0% used [0x00000000f8e80000,0x00000000f8e80000,0x0000000100000000)
 ParOldGen       total 483840K, used 408544K [0x00000000c0000000, 0x00000000dd880000, 0x00000000eab00000)
  object space 483840K, 84% used [0x00000000c0000000,0x00000000d8ef8188,0x00000000dd880000)
 Metaspace       used 23686K, capacity 24292K, committed 24576K, reserved 1071104K
  class space    used 2312K, capacity 2452K, committed 2560K, reserved 1048576K

