# JRE version: Java(TM) SE Runtime Environment (8.0_151-b12) (build 1.8.0_151-b12)
# Java VM: Java HotSpot(TM) 64-Bit Server VM (25.151-b12 mixed mode linux-amd64 compressed oops)
Heap:
 PSYoungGen      total 230400K, used 0K [0x00000000eab00000, 0x00000000ff580000, 0x0000000100000000)
  eden space 116736K, 0% used [0x00000000eab00000,0x00000000eab00000,0x00000000f1d00000)
  from space 113664K, 0% used [0x00000000f1d00000,0x00000000f1d00000,0x00000000f8c00000)
  to   space 107008K, 0% used [0x00000000f8d00000,0x00000000f8d00000,0x00000000ff580000)
 ParOldGen       total 418816K, used 326345K [0x00000000c0000000, 0x00000000d9900000, 0x00000000eab00000)
  object space 418816K, 77% used [0x00000000c0000000,0x00000000d3eb24f8,0x00000000d9900000)
 Metaspace       used 23560K, capacity 24216K, committed 24576K, reserved 1071104K
  class space    used 2299K, capacity 2450K, committed 2560K, reserved 1048576K
GC Heap History (10 events):
Event: 31,304 GC heap after
Heap after GC invocations=24 (full 3):
 PSYoungGen      total 232960K, used 1964K [0x00000000eab00000, 0x0000000100000000, 0x0000000100000000)
  eden space 116736K, 0% used [0x00000000eab00000,0x00000000eab00000,0x00000000f1d00000)
  from space 116224K, 1% used [0x00000000f1d00000,0x00000000f1eeb050,0x00000000f8e80000)
  to   space 116224K, 0% used [0x00000000f8e80000,0x00000000f8e80000,0x0000000100000000)
 ParOldGen       total 418816K, used 331995K [0x00000000c0000000, 0x00000000d9900000, 0x00000000eab00000)
  object space 418816K, 79% used [0x00000000c0000000,0x00000000d4436d20,0x00000000d9900000)
 Metaspace       used 23347K, capacity 23948K, committed 24320K, reserved 1071104K
  class space    used 2298K, capacity 2448K, committed 2560K, reserved 1048576K
}
Event: 32,151 GC heap before
{Heap before GC invocations=25 (full 3):
 PSYoungGen      total 232960K, used 118700K [0x00000000eab00000, 0x0000000100000000, 0x0000000100000000)
  eden space 116736K, 100% used [0x00000000eab00000,0x00000000f1d00000,0x00000000f1d00000)
  from space 116224K, 1% used [0x00000000f1d00000,0x00000000f1eeb050,0x00000000f8e80000)
  to   space 116224K, 0% used [0x00000000f8e80000,0x00000000f8e80000,0x0000000100000000)
 ParOldGen       total 418816K, used 331995K [0x00000000c0000000, 0x00000000d9900000, 0x00000000eab00000)
  object space 418816K, 79% used [0x00000000c0000000,0x00000000d4436d20,0x00000000d9900000)
 Metaspace       used 23390K, capacity 24012K, committed 24320K, reserved 1071104K
  class space    used 2298K, capacity 2448K, committed 2560K, reserved 1048576K
Event: 32,188 GC heap after
Heap after GC invocations=25 (full 3):
 PSYoungGen      total 232960K, used 16022K [0x00000000eab00000, 0x0000000100000000, 0x0000000100000000)
  eden space 116736K, 0% used [0x00000000eab00000,0x00000000eab00000,0x00000000f1d00000)
  from space 116224K, 13% used [0x00000000f8e80000,0x00000000f9e25a48,0x0000000100000000)
  to   space 116224K, 0% used [0x00000000f1d00000,0x00000000f1d00000,0x00000000f8e80000)
 ParOldGen       total 418816K, used 333532K [0x00000000c0000000, 0x00000000d9900000, 0x00000000eab00000)
  object space 418816K, 79% used [0x00000000c0000000,0x00000000d45b70f0,0x00000000d9900000)
 Metaspace       used 23390K, capacity 24012K, committed 24320K, reserved 1071104K
  class space    used 2298K, capacity 2448K, committed 2560K, reserved 1048576K
}
Event: 33,684 GC heap before
{Heap before GC invocations=26 (full 3):
 PSYoungGen      total 232960K, used 132758K [0x00000000eab00000, 0x0000000100000000, 0x0000000100000000)
  eden space 116736K, 100% used [0x00000000eab00000,0x00000000f1d00000,0x00000000f1d00000)
  from space 116224K, 13% used [0x00000000f8e80000,0x00000000f9e25a48,0x0000000100000000)
  to   space 116224K, 0% used [0x00000000f1d00000,0x00000000f1d00000,0x00000000f8e80000)
 ParOldGen       total 418816K, used 333532K [0x00000000c0000000, 0x00000000d9900000, 0x00000000eab00000)
  object space 418816K, 79% used [0x00000000c0000000,0x00000000d45b70f0,0x00000000d9900000)
 Metaspace       used 23424K, capacity 24082K, committed 24320K, reserved 1071104K
  class space    used 2299K, capacity 2449K, committed 2560K, reserved 1048576K
Event: 33,734 GC heap after
Heap after GC invocations=26 (full 3):
 PSYoungGen      total 232960K, used 21737K [0x00000000eab00000, 0x0000000100000000, 0x0000000100000000)
  eden space 116736K, 0% used [0x00000000eab00000,0x00000000eab00000,0x00000000f1d00000)
  from space 116224K, 18% used [0x00000000f1d00000,0x00000000f323a4f0,0x00000000f8e80000)
  to   space 116224K, 0% used [0x00000000f8e80000,0x00000000f8e80000,0x0000000100000000)
 ParOldGen       total 418816K, used 350336K [0x00000000c0000000, 0x00000000d9900000, 0x00000000eab00000)
  object space 418816K, 83% used [0x00000000c0000000,0x00000000d5620250,0x00000000d9900000)
 Metaspace       used 23424K, capacity 24082K, committed 24320K, reserved 1071104K
  class space    used 2299K, capacity 2449K, committed 2560K, reserved 1048576K
}
Event: 34,952 GC heap before
{Heap before GC invocations=27 (full 3):
 PSYoungGen      total 232960K, used 138473K [0x00000000eab00000, 0x0000000100000000, 0x0000000100000000)
  eden space 116736K, 100% used [0x00000000eab00000,0x00000000f1d00000,0x00000000f1d00000)
  from space 116224K, 18% used [0x00000000f1d00000,0x00000000f323a4f0,0x00000000f8e80000)
  to   space 116224K, 0% used [0x00000000f8e80000,0x00000000f8e80000,0x0000000100000000)
 ParOldGen       total 418816K, used 350336K [0x00000000c0000000, 0x00000000d9900000, 0x00000000eab00000)
  object space 418816K, 83% used [0x00000000c0000000,0x00000000d5620250,0x00000000d9900000)
 Metaspace       used 23540K, capacity 24210K, committed 24576K, reserved 1071104K
  class space    used 2299K, capacity 2449K, committed 2560K, reserved 1048576K
Event: 35,361 GC heap after
Heap after GC invocations=27 (full 3):
 PSYoungGen      total 227840K, used 20124K [0x00000000eab00000, 0x00000000ffb00000, 0x0000000100000000)
  eden space 116736K, 0% used [0x00000000eab00000,0x00000000eab00000,0x00000000f1d00000)
  from space 111104K, 18% used [0x00000000f8e80000,0x00000000fa227260,0x00000000ffb00000)
  to   space 113664K, 0% used [0x00000000f1d00000,0x00000000f1d00000,0x00000000f8c00000)
 ParOldGen       total 418816K, used 373092K [0x00000000c0000000, 0x00000000d9900000, 0x00000000eab00000)
  object space 418816K, 89% used [0x00000000c0000000,0x00000000d6c592c8,0x00000000d9900000)
 Metaspace       used 23540K, capacity 24210K, committed 24576K, reserved 1071104K
  class space    used 2299K, capacity 2449K, committed 2560K, reserved 1048576K
}
Event: 38,077 GC heap before
{Heap before GC invocations=28 (full 3):
 PSYoungGen      total 227840K, used 136860K [0x00000000eab00000, 0x00000000ffb00000, 0x0000000100000000)
  eden space 116736K, 100% used [0x00000000eab00000,0x00000000f1d00000,0x00000000f1d00000)
  from space 111104K, 18% used [0x00000000f8e80000,0x00000000fa227260,0x00000000ffb00000)
  to   space 113664K, 0% used [0x00000000f1d00000,0x00000000f1d00000,0x00000000f8c00000)
 ParOldGen       total 418816K, used 373092K [0x00000000c0000000, 0x00000000d9900000, 0x00000000eab00000)
  object space 418816K, 89% used [0x00000000c0000000,0x00000000d6c592c8,0x00000000d9900000)
 Metaspace       used 23560K, capacity 24216K, committed 24576K, reserved 1071104K
  class space    used 2299K, capacity 2450K, committed 2560K, reserved 1048576K
Event: 40,407 GC heap after
Heap after GC invocations=28 (full 3):
 PSYoungGen      total 230400K, used 28990K [0x00000000eab00000, 0x00000000ff580000, 0x0000000100000000)
  eden space 116736K, 0% used [0x00000000eab00000,0x00000000eab00000,0x00000000f1d00000)
  from space 113664K, 25% used [0x00000000f1d00000,0x00000000f394f850,0x00000000f8c00000)
  to   space 107008K, 0% used [0x00000000f8d00000,0x00000000f8d00000,0x00000000ff580000)
 ParOldGen       total 418816K, used 394172K [0x00000000c0000000, 0x00000000d9900000, 0x00000000eab00000)
  object space 418816K, 94% used [0x00000000c0000000,0x00000000d80ef1e8,0x00000000d9900000)
 Metaspace       used 23560K, capacity 24216K, committed 24576K, reserved 1071104K
  class space    used 2299K, capacity 2450K, committed 2560K, reserved 1048576K
}
Event: 47,263 GC heap before
{Heap before GC invocations=29 (full 4):
 PSYoungGen      total 230400K, used 28990K [0x00000000eab00000, 0x00000000ff580000, 0x0000000100000000)
  eden space 116736K, 0% used [0x00000000eab00000,0x00000000eab00000,0x00000000f1d00000)
  from space 113664K, 25% used [0x00000000f1d00000,0x00000000f394f850,0x00000000f8c00000)
  to   space 107008K, 0% used [0x00000000f8d00000,0x00000000f8d00000,0x00000000ff580000)
 ParOldGen       total 418816K, used 394172K [0x00000000c0000000, 0x00000000d9900000, 0x00000000eab00000)
  object space 418816K, 94% used [0x00000000c0000000,0x00000000d80ef1e8,0x00000000d9900000)
 Metaspace       used 23560K, capacity 24216K, committed 24576K, reserved 1071104K
  class space    used 2299K, capacity 2450K, committed 2560K, reserved 1048576K

